#
# There is insufficient memory for the Java Runtime Environment to continue.
# Native memory allocation (malloc) failed to allocate 1459536 bytes for Chunk::new
# Possible reasons:
#   The system is out of physical RAM or swap space
#   The process is running with CompressedOops enabled, and the Java Heap may be blocking the growth of the native heap
# Possible solutions:
#   Reduce memory load on the system
#   Increase physical memory or swap space
#   Check if swap backing store is full
#   Decrease Java heap size (-Xmx/-Xms)
#   Decrease number of Java threads
#   Decrease Java thread stack sizes (-Xss)
#   Set larger code cache with -XX:ReservedCodeCacheSize=
#   JVM is running with Unscaled Compressed Oops mode in which the Java heap is
#     placed in the first 4GB address space. The Java Heap base address is the
#     maximum limit for the native heap growth. Please use -XX:HeapBaseMinAddress
#     to set the Java Heap base and to place the Java Heap above 4GB virtual address.
# This output file may be truncated or incomplete.
#
#  Out of Memory Error (arena.cpp:184), pid=5896, tid=8604
#
# JRE version: Java(TM) SE Runtime Environment (20.0.1+9) (build 20.0.1+9-29)
# Java VM: Java HotSpot(TM) 64-Bit Server VM (20.0.1+9-29, mixed mode, sharing, tiered, compressed oops, compressed class ptrs, g1 gc, windows-amd64)
# No core dump will be written. Minidumps are not enabled by default on client versions of Windows
#

---------------  S U M M A R Y ------------

Command Line: --add-opens=java.base/java.lang=ALL-UNNAMED --add-opens=java.base/java.lang.invoke=ALL-UNNAMED --add-opens=java.base/java.util=ALL-UNNAMED --add-opens=java.prefs/java.util.prefs=ALL-UNNAMED --add-exports=jdk.compiler/com.sun.tools.javac.api=ALL-UNNAMED --add-exports=jdk.compiler/com.sun.tools.javac.util=ALL-UNNAMED --add-opens=java.base/java.util=ALL-UNNAMED --add-opens=java.prefs/java.util.prefs=ALL-UNNAMED --add-opens=java.base/java.nio.charset=ALL-UNNAMED --add-opens=java.base/java.net=ALL-UNNAMED --add-opens=java.base/java.util.concurrent.atomic=ALL-UNNAMED --add-opens=java.xml/javax.xml.namespace=ALL-UNNAMED -Xmx2048m -Dfile.encoding=UTF-8 -Duser.country=IN -Duser.language=en -Duser.variant -javaagent:C:\Users\msali\.gradle\wrapper\dists\gradle-8.13-bin\5xuhj0ry160q40clulazy9h7d\gradle-8.13\lib\agents\gradle-instrumentation-agent-8.13.jar org.gradle.launcher.daemon.bootstrap.GradleDaemon 8.13

Host: Intel(R) Core(TM) i3-10110U CPU @ 2.10GHz, 4 cores, 7G,  Windows 11 , 64 bit Build 26100 (10.0.26100.4484)
Time: Fri Aug  8 20:56:42 2025 India Standard Time elapsed time: 173.330245 seconds (0d 0h 2m 53s)

---------------  T H R E A D  ---------------

Current thread (0x0000018f46c40310):  JavaThread "C2 CompilerThread0" daemon [_thread_in_native, id=8604, stack(0x0000004b8e600000,0x0000004b8e700000)]


Current CompileTask:
C2: 173330 23094 %     4       org.objectweb.asm.ClassReader::readCode @ 2187 (5117 bytes)

Stack: [0x0000004b8e600000,0x0000004b8e700000]
Native frames: (J=compiled Java code, j=interpreted, Vv=VM code, C=native code)
V  [jvm.dll+0x6bb95a]
V  [jvm.dll+0x8485fa]
V  [jvm.dll+0x84a1f5]
V  [jvm.dll+0x84a8f3]
V  [jvm.dll+0x280b0f]
V  [jvm.dll+0xc2b11]
V  [jvm.dll+0xc2e35]
V  [jvm.dll+0x3bb142]
V  [jvm.dll+0x3857f5]
V  [jvm.dll+0x384c6a]
V  [jvm.dll+0x24b259]
V  [jvm.dll+0x24a651]
V  [jvm.dll+0x1ce491]
V  [jvm.dll+0x259e1b]
V  [jvm.dll+0x2584f0]
V  [jvm.dll+0x3f2895]
V  [jvm.dll+0x7f4b56]
V  [jvm.dll+0x6ba5cb]
C  [ucrtbase.dll+0x37b0]
C  [KERNEL32.DLL+0x2e8d7]
C  [ntdll.dll+0x3c34c]


---------------  P R O C E S S  ---------------

Threads class SMR info:
_java_thread_list=0x0000018f4f3b7fc0, length=40, elements={
0x0000018f2a2a89c0, 0x0000018f46c35a00, 0x0000018f46c365e0, 0x0000018f46c37c60,
0x0000018f46c3a850, 0x0000018f46c3b190, 0x0000018f46c3c110, 0x0000018f46c40310,
0x0000018f46c4cab0, 0x0000018f4b0904a0, 0x0000018f4b234e30, 0x0000018f4c9ae3d0,
0x0000018f4b49afd0, 0x0000018f4b1273b0, 0x0000018f4cc1b800, 0x0000018f4b1a7590,
0x0000018f4b1a6af0, 0x0000018f4b1a55b0, 0x0000018f4b1a65a0, 0x0000018f4e47c5b0,
0x0000018f4e47e590, 0x0000018f4e47bb10, 0x0000018f4e47eae0, 0x0000018f4e47b070,
0x0000018f4e47fad0, 0x0000018f4e482000, 0x0000018f5e5f0990, 0x0000018f5e5f53f0,
0x0000018f5e7df210, 0x0000018f60e6b320, 0x0000018f60e6c860, 0x0000018f60e6cdb0,
0x0000018f60e6dda0, 0x0000018f60e6b870, 0x0000018f60e6d300, 0x0000018f60e6ed90,
0x0000018f60e6d850, 0x0000018f60e6f830, 0x0000018f60e6bdc0, 0x0000018f60e71810
}

Java Threads: ( => current thread )
  0x0000018f2a2a89c0 JavaThread "main" [_thread_blocked, id=21580, stack(0x0000004b8d800000,0x0000004b8d900000)]
  0x0000018f46c35a00 JavaThread "Reference Handler" daemon [_thread_blocked, id=15400, stack(0x0000004b8e000000,0x0000004b8e100000)]
  0x0000018f46c365e0 JavaThread "Finalizer" daemon [_thread_blocked, id=22752, stack(0x0000004b8e100000,0x0000004b8e200000)]
  0x0000018f46c37c60 JavaThread "Signal Dispatcher" daemon [_thread_blocked, id=9472, stack(0x0000004b8e200000,0x0000004b8e300000)]
  0x0000018f46c3a850 JavaThread "Attach Listener" daemon [_thread_blocked, id=22820, stack(0x0000004b8e300000,0x0000004b8e400000)]
  0x0000018f46c3b190 JavaThread "Service Thread" daemon [_thread_blocked, id=6296, stack(0x0000004b8e400000,0x0000004b8e500000)]
  0x0000018f46c3c110 JavaThread "Monitor Deflation Thread" daemon [_thread_blocked, id=18532, stack(0x0000004b8e500000,0x0000004b8e600000)]
=>0x0000018f46c40310 JavaThread "C2 CompilerThread0" daemon [_thread_in_native, id=8604, stack(0x0000004b8e600000,0x0000004b8e700000)]
  0x0000018f46c4cab0 JavaThread "C1 CompilerThread0" daemon [_thread_blocked, id=16488, stack(0x0000004b8e700000,0x0000004b8e800000)]
  0x0000018f4b0904a0 JavaThread "Common-Cleaner" daemon [_thread_blocked, id=3936, stack(0x0000004b8e800000,0x0000004b8e900000)]
  0x0000018f4b234e30 JavaThread "Notification Thread" daemon [_thread_blocked, id=16192, stack(0x0000004b8e900000,0x0000004b8ea00000)]
  0x0000018f4c9ae3d0 JavaThread "Daemon health stats" [_thread_blocked, id=11024, stack(0x0000004b8ee00000,0x0000004b8ef00000)]
  0x0000018f4b49afd0 JavaThread "Incoming local TCP Connector on port 47477" [_thread_in_native, id=20496, stack(0x0000004b8ef00000,0x0000004b8f000000)]
  0x0000018f4b1273b0 JavaThread "Daemon periodic checks" [_thread_blocked, id=22248, stack(0x0000004b8f000000,0x0000004b8f100000)]
  0x0000018f4cc1b800 JavaThread "Daemon" [_thread_blocked, id=12856, stack(0x0000004b8f100000,0x0000004b8f200000)]
  0x0000018f4b1a7590 JavaThread "Daemon worker" [_thread_blocked, id=16048, stack(0x0000004b8f400000,0x0000004b8f500000)]
  0x0000018f4b1a6af0 JavaThread "Cache worker for journal cache (C:\Users\msali\.gradle\caches\journal-1)" [_thread_blocked, id=22124, stack(0x0000004b8f800000,0x0000004b8f900000)]
  0x0000018f4b1a55b0 JavaThread "File lock request listener" [_thread_in_native, id=3944, stack(0x0000004b8f900000,0x0000004b8fa00000)]
  0x0000018f4b1a65a0 JavaThread "Cache worker for file hash cache (C:\Users\msali\.gradle\caches\8.13\fileHashes)" [_thread_blocked, id=19808, stack(0x0000004b8fb00000,0x0000004b8fc00000)]
  0x0000018f4e47c5b0 JavaThread "File watcher server" daemon [_thread_in_native, id=14492, stack(0x0000004b8fe00000,0x0000004b8ff00000)]
  0x0000018f4e47e590 JavaThread "File watcher consumer" daemon [_thread_blocked, id=18156, stack(0x0000004b8ff00000,0x0000004b90000000)]
  0x0000018f4e47bb10 JavaThread "jar transforms" [_thread_blocked, id=19584, stack(0x0000004b90000000,0x0000004b90100000)]
  0x0000018f4e47eae0 JavaThread "jar transforms Thread 2" [_thread_blocked, id=21388, stack(0x0000004b90100000,0x0000004b90200000)]
  0x0000018f4e47b070 JavaThread "jar transforms Thread 3" [_thread_blocked, id=15480, stack(0x0000004b90200000,0x0000004b90300000)]
  0x0000018f4e47fad0 JavaThread "jar transforms Thread 4" [_thread_blocked, id=12940, stack(0x0000004b90300000,0x0000004b90400000)]
  0x0000018f4e482000 JavaThread "Cache worker for file content cache (C:\Users\msali\.gradle\caches\8.13\fileContent)" [_thread_blocked, id=17472, stack(0x0000004b90500000,0x0000004b90600000)]
  0x0000018f5e5f0990 JavaThread "Memory manager" [_thread_blocked, id=15168, stack(0x0000004b8fa00000,0x0000004b8fb00000)]
  0x0000018f5e5f53f0 JavaThread "File lock release action executor Thread 2" [_thread_blocked, id=17212, stack(0x0000004b90d00000,0x0000004b90e00000)]
  0x0000018f5e7df210 JavaThread "included builds" [_thread_blocked, id=21156, stack(0x0000004b91400000,0x0000004b91500000)]
  0x0000018f60e6b320 JavaThread "VFS cleanup" [_thread_blocked, id=14132, stack(0x0000004b8d600000,0x0000004b8d700000)]
  0x0000018f60e6c860 JavaThread "Handler for socket connection from /127.0.0.1:47477 to /127.0.0.1:47545" [_thread_in_native, id=22272, stack(0x0000004b8d700000,0x0000004b8d800000)]
  0x0000018f60e6cdb0 JavaThread "Cancel handler" [_thread_blocked, id=2292, stack(0x0000004b8d900000,0x0000004b8da00000)]
  0x0000018f60e6dda0 JavaThread "Asynchronous log dispatcher for DefaultDaemonConnection: socket connection from /127.0.0.1:47477 to /127.0.0.1:47545" [_thread_blocked, id=21240, stack(0x0000004b8f200000,0x0000004b8f300000)]
  0x0000018f60e6b870 JavaThread "Stdin handler" [_thread_blocked, id=10052, stack(0x0000004b8f300000,0x0000004b8f400000)]
  0x0000018f60e6d300 JavaThread "Daemon client event forwarder" [_thread_blocked, id=22004, stack(0x0000004b8f500000,0x0000004b8f600000)]
  0x0000018f60e6ed90 JavaThread "Cache worker for file hash cache (C:\Users\msali\AndroidStudioProjects\FloatingKeysKeyboard\.gradle\8.13\fileHashes)" [_thread_blocked, id=18504, stack(0x0000004b8f600000,0x0000004b8f700000)]
  0x0000018f60e6d850 JavaThread "Cache worker for Build Output Cleanup Cache (C:\Users\msali\AndroidStudioProjects\FloatingKeysKeyboard\.gradle\buildOutputCleanup)" [_thread_blocked, id=23052, stack(0x0000004b8f700000,0x0000004b8f800000)]
  0x0000018f60e6f830 JavaThread "Cache worker for checksums cache (C:\Users\msali\AndroidStudioProjects\FloatingKeysKeyboard\.gradle\8.13\checksums)" [_thread_blocked, id=23180, stack(0x0000004b8fd00000,0x0000004b8fe00000)]
  0x0000018f60e6bdc0 JavaThread "Cache worker for cache directory md-supplier (C:\Users\msali\.gradle\caches\8.13\md-supplier)" [_thread_blocked, id=20164, stack(0x0000004b90400000,0x0000004b90500000)]
  0x0000018f60e71810 JavaThread "Cache worker for cache directory md-rule (C:\Users\msali\.gradle\caches\8.13\md-rule)" [_thread_blocked, id=11276, stack(0x0000004b90600000,0x0000004b90700000)]

Other Threads:
  0x0000018f46c0d0b0 VMThread "VM Thread" [stack: 0x0000004b8df00000,0x0000004b8e000000] [id=21724]
  0x0000018f46c355e0 WatcherThread "VM Periodic Task Thread" [stack: 0x0000004b8ea00000,0x0000004b8eb00000] [id=7796]
  0x0000018f2a304ff0 WorkerThread "GC Thread#0" [stack: 0x0000004b8da00000,0x0000004b8db00000] [id=17676]
  0x0000018f4b2821c0 WorkerThread "GC Thread#1" [stack: 0x0000004b8eb00000,0x0000004b8ec00000] [id=17612]
  0x0000018f4b282490 WorkerThread "GC Thread#2" [stack: 0x0000004b8ec00000,0x0000004b8ed00000] [id=19580]
  0x0000018f4b4eef30 WorkerThread "GC Thread#3" [stack: 0x0000004b8ed00000,0x0000004b8ee00000] [id=14272]
  0x0000018f2a315a70 ConcurrentGCThread "G1 Main Marker" [stack: 0x0000004b8db00000,0x0000004b8dc00000] [id=14528]
  0x0000018f2a316f60 WorkerThread "G1 Conc#0" [stack: 0x0000004b8dc00000,0x0000004b8dd00000] [id=4952]
  0x0000018f46aae130 ConcurrentGCThread "G1 Refine#0" [stack: 0x0000004b8dd00000,0x0000004b8de00000] [id=21968]
  0x0000018f46aae880 ConcurrentGCThread "G1 Service" [stack: 0x0000004b8de00000,0x0000004b8df00000] [id=21196]

Threads with active compile tasks:
C2 CompilerThread0   173416 23094 %     4       org.objectweb.asm.ClassReader::readCode @ 2187 (5117 bytes)

VM state: at safepoint (normal execution)

VM Mutex/Monitor currently owned by a thread:  ([mutex/lock_event])
[0x0000018f2a2a56d0] Threads_lock - owner thread: 0x0000018f46c0d0b0
[0x0000018f2a2a6e70] Heap_lock - owner thread: 0x0000018f4b1a7590

Heap address: 0x0000000080000000, size: 2048 MB, Compressed Oops mode: 32-bit

CDS archive(s) mapped at: [0x0000000800000000-0x0000000800c60000-0x0000000800c60000), size 12976128, SharedBaseAddress: 0x0000000800000000, ArchiveRelocationMode: 0.
Compressed class space mapped at: 0x0000000801000000-0x0000000841000000, reserved size: 1073741824
Narrow klass base: 0x0000000800000000, Narrow klass shift: 0, Narrow klass range: 0x100000000

GC Precious Log:
 CardTable entry size: 512
 Card Set container configuration: InlinePtr #cards 5 size 8 Array Of Cards #cards 12 size 40 Howl #buckets 4 coarsen threshold 1843 Howl Bitmap #cards 512 size 80 coarsen threshold 460 Card regions per heap region 1 cards per card region 2048
 CPUs: 4 total, 4 available
 Memory: 8025M
 Large Page Support: Disabled
 NUMA Support: Disabled
 Compressed Oops: Enabled (32-bit)
 Heap Region Size: 1M
 Heap Min Capacity: 8M
 Heap Initial Capacity: 126M
 Heap Max Capacity: 2G
 Pre-touch: Disabled
 Parallel Workers: 4
 Concurrent Workers: 1
 Concurrent Refinement Workers: 4
 Periodic GC: Disabled

Heap:
 garbage-first heap   total 324608K, used 294054K [0x0000000080000000, 0x0000000100000000)
  region size 1024K, 118 young (120832K), 13 survivors (13312K)
 Metaspace       used 174946K, committed 177920K, reserved 1245184K
  class space    used 22513K, committed 24000K, reserved 1048576K

Heap Regions: E=young(eden), S=young(survivor), O=old, HS=humongous(starts), HC=humongous(continues), CS=collection set, F=free, OA=open archive, CA=closed archive, TAMS=top-at-mark-start, PB=parsable bottom
|   0|0x0000000080000000, 0x0000000080100000, 0x0000000080100000|100%|HS|  |TAMS 0x0000000080000000| PB 0x0000000080000000| Complete 
|   1|0x0000000080100000, 0x0000000080200000, 0x0000000080200000|100%|HC|  |TAMS 0x0000000080100000| PB 0x0000000080100000| Complete 
|   2|0x0000000080200000, 0x0000000080300000, 0x0000000080300000|100%|HC|  |TAMS 0x0000000080200000| PB 0x0000000080200000| Complete 
|   3|0x0000000080300000, 0x0000000080400000, 0x0000000080400000|100%| O|  |TAMS 0x0000000080300000| PB 0x0000000080300000| Untracked 
|   4|0x0000000080400000, 0x0000000080500000, 0x0000000080500000|100%|HS|  |TAMS 0x0000000080400000| PB 0x0000000080400000| Complete 
|   5|0x0000000080500000, 0x0000000080600000, 0x0000000080600000|100%| O|  |TAMS 0x0000000080500000| PB 0x0000000080500000| Untracked 
|   6|0x0000000080600000, 0x0000000080700000, 0x0000000080700000|100%| O|  |TAMS 0x0000000080600000| PB 0x0000000080600000| Untracked 
|   7|0x0000000080700000, 0x0000000080800000, 0x0000000080800000|100%|HS|  |TAMS 0x0000000080700000| PB 0x0000000080700000| Complete 
|   8|0x0000000080800000, 0x0000000080900000, 0x0000000080900000|100%| O|  |TAMS 0x0000000080800000| PB 0x0000000080800000| Untracked 
|   9|0x0000000080900000, 0x0000000080a00000, 0x0000000080a00000|100%| O|  |TAMS 0x0000000080900000| PB 0x0000000080900000| Untracked 
|  10|0x0000000080a00000, 0x0000000080b00000, 0x0000000080b00000|100%| O|  |TAMS 0x0000000080a00000| PB 0x0000000080a00000| Untracked 
|  11|0x0000000080b00000, 0x0000000080c00000, 0x0000000080c00000|100%| O|  |TAMS 0x0000000080b00000| PB 0x0000000080b00000| Untracked 
|  12|0x0000000080c00000, 0x0000000080d00000, 0x0000000080d00000|100%| O|  |TAMS 0x0000000080c00000| PB 0x0000000080c00000| Untracked 
|  13|0x0000000080d00000, 0x0000000080e00000, 0x0000000080e00000|100%| O|  |TAMS 0x0000000080d00000| PB 0x0000000080d00000| Untracked 
|  14|0x0000000080e00000, 0x0000000080f00000, 0x0000000080f00000|100%| O|  |TAMS 0x0000000080e00000| PB 0x0000000080e00000| Untracked 
|  15|0x0000000080f00000, 0x0000000081000000, 0x0000000081000000|100%| O|  |TAMS 0x0000000080f00000| PB 0x0000000080f00000| Untracked 
|  16|0x0000000081000000, 0x0000000081100000, 0x0000000081100000|100%| O|  |TAMS 0x0000000081000000| PB 0x0000000081000000| Untracked 
|  17|0x0000000081100000, 0x0000000081200000, 0x0000000081200000|100%| O|  |TAMS 0x0000000081100000| PB 0x0000000081100000| Untracked 
|  18|0x0000000081200000, 0x0000000081300000, 0x0000000081300000|100%| O|  |TAMS 0x0000000081200000| PB 0x0000000081200000| Untracked 
|  19|0x0000000081300000, 0x0000000081400000, 0x0000000081400000|100%| O|  |TAMS 0x0000000081300000| PB 0x0000000081300000| Untracked 
|  20|0x0000000081400000, 0x0000000081500000, 0x0000000081500000|100%| O|  |TAMS 0x0000000081400000| PB 0x0000000081400000| Untracked 
|  21|0x0000000081500000, 0x0000000081600000, 0x0000000081600000|100%| O|  |TAMS 0x0000000081500000| PB 0x0000000081500000| Untracked 
|  22|0x0000000081600000, 0x0000000081700000, 0x0000000081700000|100%| O|  |TAMS 0x0000000081600000| PB 0x0000000081600000| Untracked 
|  23|0x0000000081700000, 0x0000000081800000, 0x0000000081800000|100%| O|  |TAMS 0x0000000081700000| PB 0x0000000081700000| Untracked 
|  24|0x0000000081800000, 0x0000000081900000, 0x0000000081900000|100%| O|  |TAMS 0x0000000081800000| PB 0x0000000081800000| Untracked 
|  25|0x0000000081900000, 0x0000000081a00000, 0x0000000081a00000|100%| O|  |TAMS 0x0000000081900000| PB 0x0000000081900000| Untracked 
|  26|0x0000000081a00000, 0x0000000081b00000, 0x0000000081b00000|100%| O|  |TAMS 0x0000000081a00000| PB 0x0000000081a00000| Untracked 
|  27|0x0000000081b00000, 0x0000000081c00000, 0x0000000081c00000|100%| O|  |TAMS 0x0000000081b00000| PB 0x0000000081b00000| Untracked 
|  28|0x0000000081c00000, 0x0000000081d00000, 0x0000000081d00000|100%| O|  |TAMS 0x0000000081c00000| PB 0x0000000081c00000| Untracked 
|  29|0x0000000081d00000, 0x0000000081e00000, 0x0000000081e00000|100%| O|  |TAMS 0x0000000081d00000| PB 0x0000000081d00000| Untracked 
|  30|0x0000000081e00000, 0x0000000081f00000, 0x0000000081f00000|100%| O|  |TAMS 0x0000000081e00000| PB 0x0000000081e00000| Untracked 
|  31|0x0000000081f00000, 0x0000000082000000, 0x0000000082000000|100%| O|  |TAMS 0x0000000081f00000| PB 0x0000000081f00000| Untracked 
|  32|0x0000000082000000, 0x0000000082100000, 0x0000000082100000|100%| O|  |TAMS 0x0000000082000000| PB 0x0000000082000000| Untracked 
|  33|0x0000000082100000, 0x0000000082200000, 0x0000000082200000|100%| O|  |TAMS 0x0000000082100000| PB 0x0000000082100000| Untracked 
|  34|0x0000000082200000, 0x0000000082300000, 0x0000000082300000|100%| O|  |TAMS 0x0000000082200000| PB 0x0000000082200000| Untracked 
|  35|0x0000000082300000, 0x0000000082400000, 0x0000000082400000|100%| O|  |TAMS 0x0000000082300000| PB 0x0000000082300000| Untracked 
|  36|0x0000000082400000, 0x0000000082500000, 0x0000000082500000|100%| O|  |TAMS 0x0000000082400000| PB 0x0000000082400000| Untracked 
|  37|0x0000000082500000, 0x0000000082600000, 0x0000000082600000|100%| O|  |TAMS 0x0000000082500000| PB 0x0000000082500000| Untracked 
|  38|0x0000000082600000, 0x0000000082700000, 0x0000000082700000|100%| O|  |TAMS 0x0000000082600000| PB 0x0000000082600000| Untracked 
|  39|0x0000000082700000, 0x0000000082800000, 0x0000000082800000|100%| O|  |TAMS 0x0000000082700000| PB 0x0000000082700000| Untracked 
|  40|0x0000000082800000, 0x0000000082900000, 0x0000000082900000|100%| O|  |TAMS 0x0000000082800000| PB 0x0000000082800000| Untracked 
|  41|0x0000000082900000, 0x0000000082a00000, 0x0000000082a00000|100%| O|  |TAMS 0x0000000082900000| PB 0x0000000082900000| Untracked 
|  42|0x0000000082a00000, 0x0000000082b00000, 0x0000000082b00000|100%| O|  |TAMS 0x0000000082a00000| PB 0x0000000082a00000| Untracked 
|  43|0x0000000082b00000, 0x0000000082c00000, 0x0000000082c00000|100%| O|  |TAMS 0x0000000082b00000| PB 0x0000000082b00000| Untracked 
|  44|0x0000000082c00000, 0x0000000082d00000, 0x0000000082d00000|100%| O|  |TAMS 0x0000000082c00000| PB 0x0000000082c00000| Untracked 
|  45|0x0000000082d00000, 0x0000000082e00000, 0x0000000082e00000|100%| O|  |TAMS 0x0000000082d00000| PB 0x0000000082d00000| Untracked 
|  46|0x0000000082e00000, 0x0000000082f00000, 0x0000000082f00000|100%| O|  |TAMS 0x0000000082e00000| PB 0x0000000082e00000| Untracked 
|  47|0x0000000082f00000, 0x0000000083000000, 0x0000000083000000|100%| O|  |TAMS 0x0000000082f00000| PB 0x0000000082f00000| Untracked 
|  48|0x0000000083000000, 0x0000000083100000, 0x0000000083100000|100%| O|  |TAMS 0x0000000083000000| PB 0x0000000083000000| Untracked 
|  49|0x0000000083100000, 0x0000000083200000, 0x0000000083200000|100%| O|  |TAMS 0x0000000083100000| PB 0x0000000083100000| Untracked 
|  50|0x0000000083200000, 0x0000000083300000, 0x0000000083300000|100%| O|  |TAMS 0x0000000083200000| PB 0x0000000083200000| Untracked 
|  51|0x0000000083300000, 0x0000000083400000, 0x0000000083400000|100%| O|  |TAMS 0x0000000083300000| PB 0x0000000083300000| Untracked 
|  52|0x0000000083400000, 0x0000000083500000, 0x0000000083500000|100%| O|  |TAMS 0x0000000083400000| PB 0x0000000083400000| Untracked 
|  53|0x0000000083500000, 0x0000000083600000, 0x0000000083600000|100%| O|  |TAMS 0x0000000083500000| PB 0x0000000083500000| Untracked 
|  54|0x0000000083600000, 0x0000000083700000, 0x0000000083700000|100%| O|CS|TAMS 0x0000000083600000| PB 0x0000000083600000| Complete 
|  55|0x0000000083700000, 0x0000000083800000, 0x0000000083800000|100%| O|  |TAMS 0x0000000083700000| PB 0x0000000083700000| Untracked 
|  56|0x0000000083800000, 0x0000000083900000, 0x0000000083900000|100%| O|  |TAMS 0x0000000083800000| PB 0x0000000083800000| Untracked 
|  57|0x0000000083900000, 0x0000000083a00000, 0x0000000083a00000|100%| O|  |TAMS 0x0000000083900000| PB 0x0000000083900000| Untracked 
|  58|0x0000000083a00000, 0x0000000083b00000, 0x0000000083b00000|100%| O|  |TAMS 0x0000000083a00000| PB 0x0000000083a00000| Untracked 
|  59|0x0000000083b00000, 0x0000000083c00000, 0x0000000083c00000|100%| O|  |TAMS 0x0000000083b00000| PB 0x0000000083b00000| Untracked 
|  60|0x0000000083c00000, 0x0000000083d00000, 0x0000000083d00000|100%| O|  |TAMS 0x0000000083c00000| PB 0x0000000083c00000| Untracked 
|  61|0x0000000083d00000, 0x0000000083e00000, 0x0000000083e00000|100%| O|  |TAMS 0x0000000083d00000| PB 0x0000000083d00000| Untracked 
|  62|0x0000000083e00000, 0x0000000083f00000, 0x0000000083f00000|100%| O|  |TAMS 0x0000000083e00000| PB 0x0000000083e00000| Untracked 
|  63|0x0000000083f00000, 0x0000000084000000, 0x0000000084000000|100%| O|  |TAMS 0x0000000083f00000| PB 0x0000000083f00000| Untracked 
|  64|0x0000000084000000, 0x0000000084100000, 0x0000000084100000|100%| O|  |TAMS 0x0000000084000000| PB 0x0000000084000000| Untracked 
|  65|0x0000000084100000, 0x0000000084200000, 0x0000000084200000|100%| O|  |TAMS 0x0000000084100000| PB 0x0000000084100000| Untracked 
|  66|0x0000000084200000, 0x0000000084300000, 0x0000000084300000|100%| O|CS|TAMS 0x0000000084200000| PB 0x0000000084200000| Complete 
|  67|0x0000000084300000, 0x0000000084400000, 0x0000000084400000|100%|HS|  |TAMS 0x0000000084300000| PB 0x0000000084300000| Complete 
|  68|0x0000000084400000, 0x0000000084500000, 0x0000000084500000|100%| O|  |TAMS 0x0000000084400000| PB 0x0000000084400000| Untracked 
|  69|0x0000000084500000, 0x0000000084600000, 0x0000000084600000|100%| O|  |TAMS 0x0000000084500000| PB 0x0000000084500000| Untracked 
|  70|0x0000000084600000, 0x0000000084700000, 0x0000000084700000|100%| O|  |TAMS 0x0000000084600000| PB 0x0000000084600000| Untracked 
|  71|0x0000000084700000, 0x0000000084800000, 0x0000000084800000|100%| O|  |TAMS 0x0000000084700000| PB 0x0000000084700000| Untracked 
|  72|0x0000000084800000, 0x0000000084900000, 0x0000000084900000|100%| O|  |TAMS 0x0000000084800000| PB 0x0000000084800000| Untracked 
|  73|0x0000000084900000, 0x0000000084a00000, 0x0000000084a00000|100%| O|  |TAMS 0x0000000084900000| PB 0x0000000084900000| Untracked 
|  74|0x0000000084a00000, 0x0000000084b00000, 0x0000000084b00000|100%| O|  |TAMS 0x0000000084a00000| PB 0x0000000084a00000| Untracked 
|  75|0x0000000084b00000, 0x0000000084c00000, 0x0000000084c00000|100%| O|  |TAMS 0x0000000084b00000| PB 0x0000000084b00000| Untracked 
|  76|0x0000000084c00000, 0x0000000084d00000, 0x0000000084d00000|100%| O|  |TAMS 0x0000000084c00000| PB 0x0000000084c00000| Untracked 
|  77|0x0000000084d00000, 0x0000000084e00000, 0x0000000084e00000|100%| O|  |TAMS 0x0000000084d00000| PB 0x0000000084d00000| Untracked 
|  78|0x0000000084e00000, 0x0000000084f00000, 0x0000000084f00000|100%| O|  |TAMS 0x0000000084e00000| PB 0x0000000084e00000| Untracked 
|  79|0x0000000084f00000, 0x0000000085000000, 0x0000000085000000|100%| O|  |TAMS 0x0000000084f00000| PB 0x0000000084f00000| Untracked 
|  80|0x0000000085000000, 0x0000000085100000, 0x0000000085100000|100%| O|  |TAMS 0x0000000085000000| PB 0x0000000085000000| Untracked 
|  81|0x0000000085100000, 0x0000000085200000, 0x0000000085200000|100%| O|  |TAMS 0x0000000085100000| PB 0x0000000085100000| Untracked 
|  82|0x0000000085200000, 0x0000000085300000, 0x0000000085300000|100%| O|  |TAMS 0x0000000085200000| PB 0x0000000085200000| Untracked 
|  83|0x0000000085300000, 0x0000000085400000, 0x0000000085400000|100%| O|  |TAMS 0x0000000085300000| PB 0x0000000085300000| Untracked 
|  84|0x0000000085400000, 0x0000000085500000, 0x0000000085500000|100%| O|  |TAMS 0x0000000085400000| PB 0x0000000085400000| Untracked 
|  85|0x0000000085500000, 0x0000000085600000, 0x0000000085600000|100%| O|  |TAMS 0x0000000085500000| PB 0x0000000085500000| Untracked 
|  86|0x0000000085600000, 0x0000000085700000, 0x0000000085700000|100%| O|  |TAMS 0x0000000085600000| PB 0x0000000085600000| Untracked 
|  87|0x0000000085700000, 0x0000000085800000, 0x0000000085800000|100%| O|  |TAMS 0x0000000085700000| PB 0x0000000085700000| Untracked 
|  88|0x0000000085800000, 0x0000000085900000, 0x0000000085900000|100%| O|  |TAMS 0x0000000085800000| PB 0x0000000085800000| Untracked 
|  89|0x0000000085900000, 0x0000000085a00000, 0x0000000085a00000|100%| O|  |TAMS 0x0000000085900000| PB 0x0000000085900000| Untracked 
|  90|0x0000000085a00000, 0x0000000085b00000, 0x0000000085b00000|100%| O|  |TAMS 0x0000000085a00000| PB 0x0000000085a00000| Untracked 
|  91|0x0000000085b00000, 0x0000000085c00000, 0x0000000085c00000|100%| O|  |TAMS 0x0000000085b00000| PB 0x0000000085b00000| Untracked 
|  92|0x0000000085c00000, 0x0000000085d00000, 0x0000000085d00000|100%| O|  |TAMS 0x0000000085c00000| PB 0x0000000085c00000| Untracked 
|  93|0x0000000085d00000, 0x0000000085e00000, 0x0000000085e00000|100%| O|  |TAMS 0x0000000085d00000| PB 0x0000000085d00000| Untracked 
|  94|0x0000000085e00000, 0x0000000085f00000, 0x0000000085f00000|100%| O|  |TAMS 0x0000000085e00000| PB 0x0000000085e00000| Untracked 
|  95|0x0000000085f00000, 0x0000000086000000, 0x0000000086000000|100%| O|  |TAMS 0x0000000085f00000| PB 0x0000000085f00000| Untracked 
|  96|0x0000000086000000, 0x0000000086100000, 0x0000000086100000|100%|HS|  |TAMS 0x0000000086000000| PB 0x0000000086000000| Complete 
|  97|0x0000000086100000, 0x0000000086200000, 0x0000000086200000|100%|HS|  |TAMS 0x0000000086100000| PB 0x0000000086100000| Complete 
|  98|0x0000000086200000, 0x0000000086300000, 0x0000000086300000|100%| O|  |TAMS 0x0000000086200000| PB 0x0000000086200000| Untracked 
|  99|0x0000000086300000, 0x0000000086400000, 0x0000000086400000|100%| O|  |TAMS 0x0000000086300000| PB 0x0000000086300000| Untracked 
| 100|0x0000000086400000, 0x0000000086500000, 0x0000000086500000|100%| O|  |TAMS 0x0000000086400000| PB 0x0000000086400000| Untracked 
| 101|0x0000000086500000, 0x0000000086600000, 0x0000000086600000|100%| O|  |TAMS 0x0000000086500000| PB 0x0000000086500000| Untracked 
| 102|0x0000000086600000, 0x0000000086700000, 0x0000000086700000|100%| O|  |TAMS 0x0000000086600000| PB 0x0000000086600000| Untracked 
| 103|0x0000000086700000, 0x0000000086800000, 0x0000000086800000|100%|HS|  |TAMS 0x0000000086700000| PB 0x0000000086700000| Complete 
| 104|0x0000000086800000, 0x0000000086900000, 0x0000000086900000|100%|HS|  |TAMS 0x0000000086800000| PB 0x0000000086800000| Complete 
| 105|0x0000000086900000, 0x0000000086a00000, 0x0000000086a00000|100%| O|CS|TAMS 0x0000000086900000| PB 0x0000000086900000| Complete 
| 106|0x0000000086a00000, 0x0000000086b00000, 0x0000000086b00000|100%| O|  |TAMS 0x0000000086a00000| PB 0x0000000086a00000| Untracked 
| 107|0x0000000086b00000, 0x0000000086c00000, 0x0000000086c00000|100%| O|  |TAMS 0x0000000086b00000| PB 0x0000000086b00000| Untracked 
| 108|0x0000000086c00000, 0x0000000086d00000, 0x0000000086d00000|100%|HS|  |TAMS 0x0000000086c00000| PB 0x0000000086c00000| Complete 
| 109|0x0000000086d00000, 0x0000000086e00000, 0x0000000086e00000|100%|HC|  |TAMS 0x0000000086d00000| PB 0x0000000086d00000| Complete 
| 110|0x0000000086e00000, 0x0000000086f00000, 0x0000000086f00000|100%| O|  |TAMS 0x0000000086e00000| PB 0x0000000086e00000| Untracked 
| 111|0x0000000086f00000, 0x0000000087000000, 0x0000000087000000|100%| O|  |TAMS 0x0000000086f00000| PB 0x0000000086f00000| Untracked 
| 112|0x0000000087000000, 0x0000000087100000, 0x0000000087100000|100%| O|  |TAMS 0x0000000087000000| PB 0x0000000087000000| Untracked 
| 113|0x0000000087100000, 0x0000000087200000, 0x0000000087200000|100%| O|  |TAMS 0x0000000087100000| PB 0x0000000087100000| Untracked 
| 114|0x0000000087200000, 0x0000000087300000, 0x0000000087300000|100%| O|  |TAMS 0x0000000087200000| PB 0x0000000087200000| Untracked 
| 115|0x0000000087300000, 0x0000000087400000, 0x0000000087400000|100%| O|  |TAMS 0x0000000087300000| PB 0x0000000087300000| Untracked 
| 116|0x0000000087400000, 0x0000000087500000, 0x0000000087500000|100%| O|  |TAMS 0x0000000087400000| PB 0x0000000087400000| Untracked 
| 117|0x0000000087500000, 0x0000000087600000, 0x0000000087600000|100%|HS|  |TAMS 0x0000000087500000| PB 0x0000000087500000| Complete 
| 118|0x0000000087600000, 0x0000000087700000, 0x0000000087700000|100%|HS|  |TAMS 0x0000000087600000| PB 0x0000000087600000| Complete 
| 119|0x0000000087700000, 0x0000000087800000, 0x0000000087800000|100%|HC|  |TAMS 0x0000000087700000| PB 0x0000000087700000| Complete 
| 120|0x0000000087800000, 0x0000000087900000, 0x0000000087900000|100%|HS|  |TAMS 0x0000000087800000| PB 0x0000000087800000| Complete 
| 121|0x0000000087900000, 0x0000000087a00000, 0x0000000087a00000|100%|HC|  |TAMS 0x0000000087900000| PB 0x0000000087900000| Complete 
| 122|0x0000000087a00000, 0x0000000087b00000, 0x0000000087b00000|100%|HC|  |TAMS 0x0000000087a00000| PB 0x0000000087a00000| Complete 
| 123|0x0000000087b00000, 0x0000000087c00000, 0x0000000087c00000|100%| O|  |TAMS 0x0000000087b00000| PB 0x0000000087b00000| Untracked 
| 124|0x0000000087c00000, 0x0000000087d00000, 0x0000000087d00000|100%| O|  |TAMS 0x0000000087c00000| PB 0x0000000087c00000| Untracked 
| 125|0x0000000087d00000, 0x0000000087e00000, 0x0000000087e00000|100%| O|  |TAMS 0x0000000087d00000| PB 0x0000000087d00000| Untracked 
| 126|0x0000000087e00000, 0x0000000087f00000, 0x0000000087f00000|100%| O|  |TAMS 0x0000000087e00000| PB 0x0000000087e00000| Untracked 
| 127|0x0000000087f00000, 0x0000000088000000, 0x0000000088000000|100%| O|  |TAMS 0x0000000087f00000| PB 0x0000000087f00000| Untracked 
| 128|0x0000000088000000, 0x0000000088100000, 0x0000000088100000|100%| O|  |TAMS 0x0000000088000000| PB 0x0000000088000000| Untracked 
| 129|0x0000000088100000, 0x0000000088200000, 0x0000000088200000|100%| O|  |TAMS 0x0000000088100000| PB 0x0000000088100000| Untracked 
| 130|0x0000000088200000, 0x0000000088300000, 0x0000000088300000|100%| O|  |TAMS 0x0000000088200000| PB 0x0000000088200000| Untracked 
| 131|0x0000000088300000, 0x0000000088400000, 0x0000000088400000|100%| O|  |TAMS 0x0000000088300000| PB 0x0000000088300000| Untracked 
| 132|0x0000000088400000, 0x0000000088500000, 0x0000000088500000|100%| O|  |TAMS 0x0000000088400000| PB 0x0000000088400000| Untracked 
| 133|0x0000000088500000, 0x0000000088600000, 0x0000000088600000|100%| O|  |TAMS 0x0000000088500000| PB 0x0000000088500000| Untracked 
| 134|0x0000000088600000, 0x0000000088700000, 0x0000000088700000|100%| O|CS|TAMS 0x0000000088600000| PB 0x0000000088600000| Complete 
| 135|0x0000000088700000, 0x0000000088800000, 0x0000000088800000|100%| O|  |TAMS 0x0000000088700000| PB 0x0000000088700000| Untracked 
| 136|0x0000000088800000, 0x0000000088900000, 0x0000000088900000|100%| O|  |TAMS 0x0000000088800000| PB 0x0000000088800000| Untracked 
| 137|0x0000000088900000, 0x0000000088a00000, 0x0000000088a00000|100%| O|  |TAMS 0x0000000088900000| PB 0x0000000088900000| Untracked 
| 138|0x0000000088a00000, 0x0000000088b00000, 0x0000000088b00000|100%| O|  |TAMS 0x0000000088a00000| PB 0x0000000088a00000| Untracked 
| 139|0x0000000088b00000, 0x0000000088c00000, 0x0000000088c00000|100%| O|  |TAMS 0x0000000088b00000| PB 0x0000000088b00000| Untracked 
| 140|0x0000000088c00000, 0x0000000088d00000, 0x0000000088d00000|100%| O|  |TAMS 0x0000000088c00000| PB 0x0000000088c00000| Untracked 
| 141|0x0000000088d00000, 0x0000000088e00000, 0x0000000088e00000|100%| O|  |TAMS 0x0000000088d00000| PB 0x0000000088d00000| Untracked 
| 142|0x0000000088e00000, 0x0000000088f00000, 0x0000000088f00000|100%| O|  |TAMS 0x0000000088e00000| PB 0x0000000088e00000| Untracked 
| 143|0x0000000088f00000, 0x0000000089000000, 0x0000000089000000|100%| O|  |TAMS 0x0000000088f00000| PB 0x0000000088f00000| Untracked 
| 144|0x0000000089000000, 0x0000000089100000, 0x0000000089100000|100%|HS|  |TAMS 0x0000000089000000| PB 0x0000000089000000| Complete 
| 145|0x0000000089100000, 0x0000000089200000, 0x0000000089200000|100%| O|  |TAMS 0x0000000089100000| PB 0x0000000089100000| Untracked 
| 146|0x0000000089200000, 0x0000000089300000, 0x0000000089300000|100%| O|  |TAMS 0x0000000089200000| PB 0x0000000089200000| Untracked 
| 147|0x0000000089300000, 0x0000000089400000, 0x0000000089400000|100%| O|  |TAMS 0x0000000089300000| PB 0x0000000089300000| Untracked 
| 148|0x0000000089400000, 0x000000008943d600, 0x0000000089500000| 23%| O|  |TAMS 0x0000000089400000| PB 0x0000000089400000| Untracked 
| 149|0x0000000089500000, 0x0000000089500000, 0x0000000089600000|  0%| F|  |TAMS 0x0000000089500000| PB 0x0000000089500000| Untracked 
| 150|0x0000000089600000, 0x0000000089700000, 0x0000000089700000|100%|HS|  |TAMS 0x0000000089600000| PB 0x0000000089600000| Complete 
| 151|0x0000000089700000, 0x0000000089800000, 0x0000000089800000|100%|HC|  |TAMS 0x0000000089700000| PB 0x0000000089700000| Complete 
| 152|0x0000000089800000, 0x0000000089900000, 0x0000000089900000|100%|HC|  |TAMS 0x0000000089800000| PB 0x0000000089800000| Complete 
| 153|0x0000000089900000, 0x0000000089a00000, 0x0000000089a00000|100%| O|  |TAMS 0x0000000089900000| PB 0x0000000089900000| Untracked 
| 154|0x0000000089a00000, 0x0000000089b00000, 0x0000000089b00000|100%| O|  |TAMS 0x0000000089a00000| PB 0x0000000089a00000| Untracked 
| 155|0x0000000089b00000, 0x0000000089c00000, 0x0000000089c00000|100%| O|  |TAMS 0x0000000089b00000| PB 0x0000000089b00000| Untracked 
| 156|0x0000000089c00000, 0x0000000089d00000, 0x0000000089d00000|100%| O|  |TAMS 0x0000000089c00000| PB 0x0000000089c00000| Untracked 
| 157|0x0000000089d00000, 0x0000000089e00000, 0x0000000089e00000|100%| O|  |TAMS 0x0000000089d00000| PB 0x0000000089d00000| Untracked 
| 158|0x0000000089e00000, 0x0000000089f00000, 0x0000000089f00000|100%| O|  |TAMS 0x0000000089e00000| PB 0x0000000089e00000| Untracked 
| 159|0x0000000089f00000, 0x000000008a000000, 0x000000008a000000|100%| O|  |TAMS 0x0000000089f00000| PB 0x0000000089f00000| Untracked 
| 160|0x000000008a000000, 0x000000008a100000, 0x000000008a100000|100%| O|  |TAMS 0x000000008a000000| PB 0x000000008a000000| Untracked 
| 161|0x000000008a100000, 0x000000008a200000, 0x000000008a200000|100%| O|  |TAMS 0x000000008a100000| PB 0x000000008a100000| Untracked 
| 162|0x000000008a200000, 0x000000008a300000, 0x000000008a300000|100%| O|  |TAMS 0x000000008a200000| PB 0x000000008a200000| Untracked 
| 163|0x000000008a300000, 0x000000008a400000, 0x000000008a400000|100%| O|  |TAMS 0x000000008a300000| PB 0x000000008a300000| Untracked 
| 164|0x000000008a400000, 0x000000008a500000, 0x000000008a500000|100%| O|  |TAMS 0x000000008a400000| PB 0x000000008a400000| Untracked 
| 165|0x000000008a500000, 0x000000008a600000, 0x000000008a600000|100%| O|  |TAMS 0x000000008a500000| PB 0x000000008a500000| Untracked 
| 166|0x000000008a600000, 0x000000008a700000, 0x000000008a700000|100%| O|  |TAMS 0x000000008a600000| PB 0x000000008a600000| Untracked 
| 167|0x000000008a700000, 0x000000008a800000, 0x000000008a800000|100%| O|  |TAMS 0x000000008a700000| PB 0x000000008a700000| Untracked 
| 168|0x000000008a800000, 0x000000008a800000, 0x000000008a900000|  0%| F|  |TAMS 0x000000008a800000| PB 0x000000008a800000| Untracked 
| 169|0x000000008a900000, 0x000000008a900000, 0x000000008aa00000|  0%| F|  |TAMS 0x000000008a900000| PB 0x000000008a900000| Untracked 
| 170|0x000000008aa00000, 0x000000008aa00000, 0x000000008ab00000|  0%| F|  |TAMS 0x000000008aa00000| PB 0x000000008aa00000| Untracked 
| 171|0x000000008ab00000, 0x000000008ab00000, 0x000000008ac00000|  0%| F|  |TAMS 0x000000008ab00000| PB 0x000000008ab00000| Untracked 
| 172|0x000000008ac00000, 0x000000008ac00000, 0x000000008ad00000|  0%| F|  |TAMS 0x000000008ac00000| PB 0x000000008ac00000| Untracked 
| 173|0x000000008ad00000, 0x000000008ad00000, 0x000000008ae00000|  0%| F|  |TAMS 0x000000008ad00000| PB 0x000000008ad00000| Untracked 
| 174|0x000000008ae00000, 0x000000008ae00000, 0x000000008af00000|  0%| F|  |TAMS 0x000000008ae00000| PB 0x000000008ae00000| Untracked 
| 175|0x000000008af00000, 0x000000008af00000, 0x000000008b000000|  0%| F|  |TAMS 0x000000008af00000| PB 0x000000008af00000| Untracked 
| 176|0x000000008b000000, 0x000000008b000000, 0x000000008b100000|  0%| F|  |TAMS 0x000000008b000000| PB 0x000000008b000000| Untracked 
| 177|0x000000008b100000, 0x000000008b100000, 0x000000008b200000|  0%| F|  |TAMS 0x000000008b100000| PB 0x000000008b100000| Untracked 
| 178|0x000000008b200000, 0x000000008b200000, 0x000000008b300000|  0%| F|  |TAMS 0x000000008b200000| PB 0x000000008b200000| Untracked 
| 179|0x000000008b300000, 0x000000008b300000, 0x000000008b400000|  0%| F|  |TAMS 0x000000008b300000| PB 0x000000008b300000| Untracked 
| 180|0x000000008b400000, 0x000000008b400000, 0x000000008b500000|  0%| F|  |TAMS 0x000000008b400000| PB 0x000000008b400000| Untracked 
| 181|0x000000008b500000, 0x000000008b500000, 0x000000008b600000|  0%| F|  |TAMS 0x000000008b500000| PB 0x000000008b500000| Untracked 
| 182|0x000000008b600000, 0x000000008b600000, 0x000000008b700000|  0%| F|  |TAMS 0x000000008b600000| PB 0x000000008b600000| Untracked 
| 183|0x000000008b700000, 0x000000008b700000, 0x000000008b800000|  0%| F|  |TAMS 0x000000008b700000| PB 0x000000008b700000| Untracked 
| 184|0x000000008b800000, 0x000000008b800000, 0x000000008b900000|  0%| F|  |TAMS 0x000000008b800000| PB 0x000000008b800000| Untracked 
| 185|0x000000008b900000, 0x000000008b900000, 0x000000008ba00000|  0%| F|  |TAMS 0x000000008b900000| PB 0x000000008b900000| Untracked 
| 186|0x000000008ba00000, 0x000000008ba00000, 0x000000008bb00000|  0%| F|  |TAMS 0x000000008ba00000| PB 0x000000008ba00000| Untracked 
| 187|0x000000008bb00000, 0x000000008bb00000, 0x000000008bc00000|  0%| F|  |TAMS 0x000000008bb00000| PB 0x000000008bb00000| Untracked 
| 188|0x000000008bc00000, 0x000000008bc00000, 0x000000008bd00000|  0%| F|  |TAMS 0x000000008bc00000| PB 0x000000008bc00000| Untracked 
| 189|0x000000008bd00000, 0x000000008be00000, 0x000000008be00000|100%| S|CS|TAMS 0x000000008bd00000| PB 0x000000008bd00000| Complete 
| 190|0x000000008be00000, 0x000000008bf00000, 0x000000008bf00000|100%| S|CS|TAMS 0x000000008be00000| PB 0x000000008be00000| Complete 
| 191|0x000000008bf00000, 0x000000008c000000, 0x000000008c000000|100%| S|CS|TAMS 0x000000008bf00000| PB 0x000000008bf00000| Complete 
| 192|0x000000008c000000, 0x000000008c100000, 0x000000008c100000|100%| S|CS|TAMS 0x000000008c000000| PB 0x000000008c000000| Complete 
| 193|0x000000008c100000, 0x000000008c200000, 0x000000008c200000|100%| S|CS|TAMS 0x000000008c100000| PB 0x000000008c100000| Complete 
| 194|0x000000008c200000, 0x000000008c300000, 0x000000008c300000|100%| S|CS|TAMS 0x000000008c200000| PB 0x000000008c200000| Complete 
| 195|0x000000008c300000, 0x000000008c400000, 0x000000008c400000|100%| S|CS|TAMS 0x000000008c300000| PB 0x000000008c300000| Complete 
| 196|0x000000008c400000, 0x000000008c500000, 0x000000008c500000|100%| S|CS|TAMS 0x000000008c400000| PB 0x000000008c400000| Complete 
| 197|0x000000008c500000, 0x000000008c600000, 0x000000008c600000|100%| S|CS|TAMS 0x000000008c500000| PB 0x000000008c500000| Complete 
| 198|0x000000008c600000, 0x000000008c700000, 0x000000008c700000|100%| S|CS|TAMS 0x000000008c600000| PB 0x000000008c600000| Complete 
| 199|0x000000008c700000, 0x000000008c800000, 0x000000008c800000|100%| S|CS|TAMS 0x000000008c700000| PB 0x000000008c700000| Complete 
| 200|0x000000008c800000, 0x000000008c900000, 0x000000008c900000|100%| S|CS|TAMS 0x000000008c800000| PB 0x000000008c800000| Complete 
| 201|0x000000008c900000, 0x000000008ca00000, 0x000000008ca00000|100%| S|CS|TAMS 0x000000008c900000| PB 0x000000008c900000| Complete 
| 202|0x000000008ca00000, 0x000000008ca00000, 0x000000008cb00000|  0%| F|  |TAMS 0x000000008ca00000| PB 0x000000008ca00000| Untracked 
| 203|0x000000008cb00000, 0x000000008cb00000, 0x000000008cc00000|  0%| F|  |TAMS 0x000000008cb00000| PB 0x000000008cb00000| Untracked 
| 204|0x000000008cc00000, 0x000000008cc00000, 0x000000008cd00000|  0%| F|  |TAMS 0x000000008cc00000| PB 0x000000008cc00000| Untracked 
| 205|0x000000008cd00000, 0x000000008cd00000, 0x000000008ce00000|  0%| F|  |TAMS 0x000000008cd00000| PB 0x000000008cd00000| Untracked 
| 206|0x000000008ce00000, 0x000000008ce00000, 0x000000008cf00000|  0%| F|  |TAMS 0x000000008ce00000| PB 0x000000008ce00000| Untracked 
| 207|0x000000008cf00000, 0x000000008cf00000, 0x000000008d000000|  0%| F|  |TAMS 0x000000008cf00000| PB 0x000000008cf00000| Untracked 
| 208|0x000000008d000000, 0x000000008d000000, 0x000000008d100000|  0%| F|  |TAMS 0x000000008d000000| PB 0x000000008d000000| Untracked 
| 209|0x000000008d100000, 0x000000008d100000, 0x000000008d200000|  0%| F|  |TAMS 0x000000008d100000| PB 0x000000008d100000| Untracked 
| 210|0x000000008d200000, 0x000000008d200000, 0x000000008d300000|  0%| F|  |TAMS 0x000000008d200000| PB 0x000000008d200000| Untracked 
| 211|0x000000008d300000, 0x000000008d300000, 0x000000008d400000|  0%| F|  |TAMS 0x000000008d300000| PB 0x000000008d300000| Untracked 
| 212|0x000000008d400000, 0x000000008d400000, 0x000000008d500000|  0%| F|  |TAMS 0x000000008d400000| PB 0x000000008d400000| Untracked 
| 213|0x000000008d500000, 0x000000008d500000, 0x000000008d600000|  0%| F|  |TAMS 0x000000008d500000| PB 0x000000008d500000| Untracked 
| 214|0x000000008d600000, 0x000000008d600000, 0x000000008d700000|  0%| F|  |TAMS 0x000000008d600000| PB 0x000000008d600000| Untracked 
| 215|0x000000008d700000, 0x000000008d700000, 0x000000008d800000|  0%| F|  |TAMS 0x000000008d700000| PB 0x000000008d700000| Untracked 
| 216|0x000000008d800000, 0x000000008d800000, 0x000000008d900000|  0%| F|  |TAMS 0x000000008d800000| PB 0x000000008d800000| Untracked 
| 217|0x000000008d900000, 0x000000008d900000, 0x000000008da00000|  0%| F|  |TAMS 0x000000008d900000| PB 0x000000008d900000| Untracked 
| 218|0x000000008da00000, 0x000000008da00000, 0x000000008db00000|  0%| F|  |TAMS 0x000000008da00000| PB 0x000000008da00000| Untracked 
| 219|0x000000008db00000, 0x000000008db00000, 0x000000008dc00000|  0%| F|  |TAMS 0x000000008db00000| PB 0x000000008db00000| Untracked 
| 220|0x000000008dc00000, 0x000000008dc00000, 0x000000008dd00000|  0%| F|  |TAMS 0x000000008dc00000| PB 0x000000008dc00000| Untracked 
| 221|0x000000008dd00000, 0x000000008dd00000, 0x000000008de00000|  0%| F|  |TAMS 0x000000008dd00000| PB 0x000000008dd00000| Untracked 
| 222|0x000000008de00000, 0x000000008de00000, 0x000000008df00000|  0%| F|  |TAMS 0x000000008de00000| PB 0x000000008de00000| Untracked 
| 223|0x000000008df00000, 0x000000008df00000, 0x000000008e000000|  0%| F|  |TAMS 0x000000008df00000| PB 0x000000008df00000| Untracked 
| 224|0x000000008e000000, 0x000000008e000000, 0x000000008e100000|  0%| F|  |TAMS 0x000000008e000000| PB 0x000000008e000000| Untracked 
| 225|0x000000008e100000, 0x000000008e100000, 0x000000008e200000|  0%| F|  |TAMS 0x000000008e100000| PB 0x000000008e100000| Untracked 
| 226|0x000000008e200000, 0x000000008e200000, 0x000000008e300000|  0%| F|  |TAMS 0x000000008e200000| PB 0x000000008e200000| Untracked 
| 227|0x000000008e300000, 0x000000008e300000, 0x000000008e400000|  0%| F|  |TAMS 0x000000008e300000| PB 0x000000008e300000| Untracked 
| 228|0x000000008e400000, 0x000000008e400000, 0x000000008e500000|  0%| F|  |TAMS 0x000000008e400000| PB 0x000000008e400000| Untracked 
| 229|0x000000008e500000, 0x000000008e500000, 0x000000008e600000|  0%| F|  |TAMS 0x000000008e500000| PB 0x000000008e500000| Untracked 
| 230|0x000000008e600000, 0x000000008e600000, 0x000000008e700000|  0%| F|  |TAMS 0x000000008e600000| PB 0x000000008e600000| Untracked 
| 231|0x000000008e700000, 0x000000008e700000, 0x000000008e800000|  0%| F|  |TAMS 0x000000008e700000| PB 0x000000008e700000| Untracked 
| 232|0x000000008e800000, 0x000000008e800000, 0x000000008e900000|  0%| F|  |TAMS 0x000000008e800000| PB 0x000000008e800000| Untracked 
| 233|0x000000008e900000, 0x000000008e900000, 0x000000008ea00000|  0%| F|  |TAMS 0x000000008e900000| PB 0x000000008e900000| Untracked 
| 234|0x000000008ea00000, 0x000000008ea00000, 0x000000008eb00000|  0%| F|  |TAMS 0x000000008ea00000| PB 0x000000008ea00000| Untracked 
| 235|0x000000008eb00000, 0x000000008eb00000, 0x000000008ec00000|  0%| F|  |TAMS 0x000000008eb00000| PB 0x000000008eb00000| Untracked 
| 236|0x000000008ec00000, 0x000000008ec00000, 0x000000008ed00000|  0%| F|  |TAMS 0x000000008ec00000| PB 0x000000008ec00000| Untracked 
| 237|0x000000008ed00000, 0x000000008ed00000, 0x000000008ee00000|  0%| F|  |TAMS 0x000000008ed00000| PB 0x000000008ed00000| Untracked 
| 238|0x000000008ee00000, 0x000000008ee00000, 0x000000008ef00000|  0%| F|  |TAMS 0x000000008ee00000| PB 0x000000008ee00000| Untracked 
| 239|0x000000008ef00000, 0x000000008ef00000, 0x000000008f000000|  0%| F|  |TAMS 0x000000008ef00000| PB 0x000000008ef00000| Untracked 
| 240|0x000000008f000000, 0x000000008f000000, 0x000000008f100000|  0%| F|  |TAMS 0x000000008f000000| PB 0x000000008f000000| Untracked 
| 241|0x000000008f100000, 0x000000008f100000, 0x000000008f200000|  0%| F|  |TAMS 0x000000008f100000| PB 0x000000008f100000| Untracked 
| 242|0x000000008f200000, 0x000000008f200000, 0x000000008f300000|  0%| F|  |TAMS 0x000000008f200000| PB 0x000000008f200000| Untracked 
| 243|0x000000008f300000, 0x000000008f300000, 0x000000008f400000|  0%| F|  |TAMS 0x000000008f300000| PB 0x000000008f300000| Untracked 
| 244|0x000000008f400000, 0x000000008f400000, 0x000000008f500000|  0%| F|  |TAMS 0x000000008f400000| PB 0x000000008f400000| Untracked 
| 245|0x000000008f500000, 0x000000008f500000, 0x000000008f600000|  0%| F|  |TAMS 0x000000008f500000| PB 0x000000008f500000| Untracked 
| 246|0x000000008f600000, 0x000000008f600000, 0x000000008f700000|  0%| F|  |TAMS 0x000000008f600000| PB 0x000000008f600000| Untracked 
| 247|0x000000008f700000, 0x000000008f700000, 0x000000008f800000|  0%| F|  |TAMS 0x000000008f700000| PB 0x000000008f700000| Untracked 
| 248|0x000000008f800000, 0x000000008f800000, 0x000000008f900000|  0%| F|  |TAMS 0x000000008f800000| PB 0x000000008f800000| Untracked 
| 249|0x000000008f900000, 0x000000008f900000, 0x000000008fa00000|  0%| F|  |TAMS 0x000000008f900000| PB 0x000000008f900000| Untracked 
| 250|0x000000008fa00000, 0x000000008fa00000, 0x000000008fb00000|  0%| F|  |TAMS 0x000000008fa00000| PB 0x000000008fa00000| Untracked 
| 251|0x000000008fb00000, 0x000000008fb00000, 0x000000008fc00000|  0%| F|  |TAMS 0x000000008fb00000| PB 0x000000008fb00000| Untracked 
| 252|0x000000008fc00000, 0x000000008fc00000, 0x000000008fd00000|  0%| F|  |TAMS 0x000000008fc00000| PB 0x000000008fc00000| Untracked 
| 253|0x000000008fd00000, 0x000000008fd00000, 0x000000008fe00000|  0%| F|  |TAMS 0x000000008fd00000| PB 0x000000008fd00000| Untracked 
| 254|0x000000008fe00000, 0x000000008fe00000, 0x000000008ff00000|  0%| F|  |TAMS 0x000000008fe00000| PB 0x000000008fe00000| Untracked 
| 255|0x000000008ff00000, 0x000000008ff00000, 0x0000000090000000|  0%| F|  |TAMS 0x000000008ff00000| PB 0x000000008ff00000| Untracked 
| 256|0x0000000090000000, 0x0000000090000000, 0x0000000090100000|  0%| F|  |TAMS 0x0000000090000000| PB 0x0000000090000000| Untracked 
| 257|0x0000000090100000, 0x0000000090100000, 0x0000000090200000|  0%| F|  |TAMS 0x0000000090100000| PB 0x0000000090100000| Untracked 
| 258|0x0000000090200000, 0x0000000090200000, 0x0000000090300000|  0%| F|  |TAMS 0x0000000090200000| PB 0x0000000090200000| Untracked 
| 259|0x0000000090300000, 0x0000000090300000, 0x0000000090400000|  0%| F|  |TAMS 0x0000000090300000| PB 0x0000000090300000| Untracked 
| 260|0x0000000090400000, 0x0000000090400000, 0x0000000090500000|  0%| F|  |TAMS 0x0000000090400000| PB 0x0000000090400000| Untracked 
| 261|0x0000000090500000, 0x0000000090500000, 0x0000000090600000|  0%| F|  |TAMS 0x0000000090500000| PB 0x0000000090500000| Untracked 
| 262|0x0000000090600000, 0x0000000090600000, 0x0000000090700000|  0%| F|  |TAMS 0x0000000090600000| PB 0x0000000090600000| Untracked 
| 263|0x0000000090700000, 0x0000000090700000, 0x0000000090800000|  0%| F|  |TAMS 0x0000000090700000| PB 0x0000000090700000| Untracked 
| 264|0x0000000090800000, 0x0000000090800000, 0x0000000090900000|  0%| F|  |TAMS 0x0000000090800000| PB 0x0000000090800000| Untracked 
| 265|0x0000000090900000, 0x0000000090900000, 0x0000000090a00000|  0%| F|  |TAMS 0x0000000090900000| PB 0x0000000090900000| Untracked 
| 266|0x0000000090a00000, 0x0000000090a00000, 0x0000000090b00000|  0%| F|  |TAMS 0x0000000090a00000| PB 0x0000000090a00000| Untracked 
| 267|0x0000000090b00000, 0x0000000090b00000, 0x0000000090c00000|  0%| F|  |TAMS 0x0000000090b00000| PB 0x0000000090b00000| Untracked 
| 268|0x0000000090c00000, 0x0000000090c00000, 0x0000000090d00000|  0%| F|  |TAMS 0x0000000090c00000| PB 0x0000000090c00000| Untracked 
| 269|0x0000000090d00000, 0x0000000090d00000, 0x0000000090e00000|  0%| F|  |TAMS 0x0000000090d00000| PB 0x0000000090d00000| Untracked 
| 270|0x0000000090e00000, 0x0000000090e00000, 0x0000000090f00000|  0%| F|  |TAMS 0x0000000090e00000| PB 0x0000000090e00000| Untracked 
| 271|0x0000000090f00000, 0x0000000090f00000, 0x0000000091000000|  0%| F|  |TAMS 0x0000000090f00000| PB 0x0000000090f00000| Untracked 
| 272|0x0000000091000000, 0x0000000091000000, 0x0000000091100000|  0%| F|  |TAMS 0x0000000091000000| PB 0x0000000091000000| Untracked 
| 273|0x0000000091100000, 0x0000000091100000, 0x0000000091200000|  0%| F|  |TAMS 0x0000000091100000| PB 0x0000000091100000| Untracked 
| 274|0x0000000091200000, 0x0000000091200000, 0x0000000091300000|  0%| F|  |TAMS 0x0000000091200000| PB 0x0000000091200000| Untracked 
| 275|0x0000000091300000, 0x0000000091300000, 0x0000000091400000|  0%| F|  |TAMS 0x0000000091300000| PB 0x0000000091300000| Untracked 
| 276|0x0000000091400000, 0x0000000091400000, 0x0000000091500000|  0%| F|  |TAMS 0x0000000091400000| PB 0x0000000091400000| Untracked 
| 277|0x0000000091500000, 0x0000000091500000, 0x0000000091600000|  0%| F|  |TAMS 0x0000000091500000| PB 0x0000000091500000| Untracked 
| 278|0x0000000091600000, 0x0000000091600000, 0x0000000091700000|  0%| F|  |TAMS 0x0000000091600000| PB 0x0000000091600000| Untracked 
| 279|0x0000000091700000, 0x0000000091700000, 0x0000000091800000|  0%| F|  |TAMS 0x0000000091700000| PB 0x0000000091700000| Untracked 
| 280|0x0000000091800000, 0x0000000091800000, 0x0000000091900000|  0%| F|  |TAMS 0x0000000091800000| PB 0x0000000091800000| Untracked 
| 281|0x0000000091900000, 0x0000000091900000, 0x0000000091a00000|  0%| F|  |TAMS 0x0000000091900000| PB 0x0000000091900000| Untracked 
| 282|0x0000000091a00000, 0x0000000091a00000, 0x0000000091b00000|  0%| F|  |TAMS 0x0000000091a00000| PB 0x0000000091a00000| Untracked 
| 283|0x0000000091b00000, 0x0000000091b00000, 0x0000000091c00000|  0%| F|  |TAMS 0x0000000091b00000| PB 0x0000000091b00000| Untracked 
| 284|0x0000000091c00000, 0x0000000091c00000, 0x0000000091d00000|  0%| F|  |TAMS 0x0000000091c00000| PB 0x0000000091c00000| Untracked 
| 285|0x0000000091d00000, 0x0000000091d00000, 0x0000000091e00000|  0%| F|  |TAMS 0x0000000091d00000| PB 0x0000000091d00000| Untracked 
| 286|0x0000000091e00000, 0x0000000091e00000, 0x0000000091f00000|  0%| F|  |TAMS 0x0000000091e00000| PB 0x0000000091e00000| Untracked 
| 287|0x0000000091f00000, 0x0000000091f00000, 0x0000000092000000|  0%| F|  |TAMS 0x0000000091f00000| PB 0x0000000091f00000| Untracked 
| 288|0x0000000092000000, 0x0000000092000000, 0x0000000092100000|  0%| F|  |TAMS 0x0000000092000000| PB 0x0000000092000000| Untracked 
| 289|0x0000000092100000, 0x0000000092100000, 0x0000000092200000|  0%| F|  |TAMS 0x0000000092100000| PB 0x0000000092100000| Untracked 
| 290|0x0000000092200000, 0x0000000092200000, 0x0000000092300000|  0%| F|  |TAMS 0x0000000092200000| PB 0x0000000092200000| Untracked 
| 291|0x0000000092300000, 0x0000000092300000, 0x0000000092400000|  0%| F|  |TAMS 0x0000000092300000| PB 0x0000000092300000| Untracked 
| 292|0x0000000092400000, 0x0000000092400000, 0x0000000092500000|  0%| F|  |TAMS 0x0000000092400000| PB 0x0000000092400000| Untracked 
| 293|0x0000000092500000, 0x0000000092500000, 0x0000000092600000|  0%| F|  |TAMS 0x0000000092500000| PB 0x0000000092500000| Untracked 
| 294|0x0000000092600000, 0x0000000092600000, 0x0000000092700000|  0%| F|  |TAMS 0x0000000092600000| PB 0x0000000092600000| Untracked 
| 295|0x0000000092700000, 0x0000000092700000, 0x0000000092800000|  0%| F|  |TAMS 0x0000000092700000| PB 0x0000000092700000| Untracked 
| 296|0x0000000092800000, 0x0000000092800000, 0x0000000092900000|  0%| F|  |TAMS 0x0000000092800000| PB 0x0000000092800000| Untracked 
| 297|0x0000000092900000, 0x0000000092900000, 0x0000000092a00000|  0%| F|  |TAMS 0x0000000092900000| PB 0x0000000092900000| Untracked 
| 298|0x0000000092a00000, 0x0000000092a00000, 0x0000000092b00000|  0%| F|  |TAMS 0x0000000092a00000| PB 0x0000000092a00000| Untracked 
| 299|0x0000000092b00000, 0x0000000092b00000, 0x0000000092c00000|  0%| F|  |TAMS 0x0000000092b00000| PB 0x0000000092b00000| Untracked 
| 300|0x0000000092c00000, 0x0000000092c00000, 0x0000000092d00000|  0%| F|  |TAMS 0x0000000092c00000| PB 0x0000000092c00000| Untracked 
| 301|0x0000000092d00000, 0x0000000092d00000, 0x0000000092e00000|  0%| F|  |TAMS 0x0000000092d00000| PB 0x0000000092d00000| Untracked 
|2033|0x00000000ff100000, 0x00000000ff100000, 0x00000000ff200000|  0%| F|  |TAMS 0x00000000ff100000| PB 0x00000000ff100000| Untracked 
|2034|0x00000000ff200000, 0x00000000ff300000, 0x00000000ff300000|100%| O|  |TAMS 0x00000000ff200000| PB 0x00000000ff200000| Untracked 
|2035|0x00000000ff300000, 0x00000000ff400000, 0x00000000ff400000|100%| O|  |TAMS 0x00000000ff300000| PB 0x00000000ff300000| Untracked 
|2036|0x00000000ff400000, 0x00000000ff500000, 0x00000000ff500000|100%| O|  |TAMS 0x00000000ff400000| PB 0x00000000ff400000| Untracked 
|2037|0x00000000ff500000, 0x00000000ff600000, 0x00000000ff600000|100%| O|  |TAMS 0x00000000ff500000| PB 0x00000000ff500000| Untracked 
|2038|0x00000000ff600000, 0x00000000ff600000, 0x00000000ff700000|  0%| F|  |TAMS 0x00000000ff600000| PB 0x00000000ff600000| Untracked 
|2039|0x00000000ff700000, 0x00000000ff700000, 0x00000000ff800000|  0%| F|  |TAMS 0x00000000ff700000| PB 0x00000000ff700000| Untracked 
|2040|0x00000000ff800000, 0x00000000ff900000, 0x00000000ff900000|100%| O|  |TAMS 0x00000000ff800000| PB 0x00000000ff800000| Untracked 
|2041|0x00000000ff900000, 0x00000000ffa00000, 0x00000000ffa00000|100%| O|  |TAMS 0x00000000ff900000| PB 0x00000000ff900000| Untracked 
|2042|0x00000000ffa00000, 0x00000000ffb00000, 0x00000000ffb00000|100%| O|  |TAMS 0x00000000ffa00000| PB 0x00000000ffa00000| Untracked 
|2043|0x00000000ffb00000, 0x00000000ffc00000, 0x00000000ffc00000|100%| O|  |TAMS 0x00000000ffb00000| PB 0x00000000ffb00000| Untracked 
|2044|0x00000000ffc00000, 0x00000000ffd00000, 0x00000000ffd00000|100%| O|  |TAMS 0x00000000ffc00000| PB 0x00000000ffc00000| Untracked 
|2045|0x00000000ffd00000, 0x00000000ffd80800, 0x00000000ffe00000| 50%| E|  |TAMS 0x00000000ffd00000| PB 0x00000000ffd00000| Complete 
|2046|0x00000000ffe00000, 0x00000000fff00000, 0x00000000fff00000|100%| O|  |TAMS 0x00000000ffe00000| PB 0x00000000ffe00000| Untracked 
|2047|0x00000000fff00000, 0x0000000100000000, 0x0000000100000000|100%| E|CS|TAMS 0x00000000fff00000| PB 0x00000000fff00000| Complete 

Card table byte_map: [0x0000018f41de0000,0x0000018f421e0000] _byte_map_base: 0x0000018f419e0000

Marking Bits: (CMBitMap*) 0x0000018f2a3053d0
 Bits: [0x0000018f425e0000, 0x0000018f445e0000)

Polling page: 0x0000018f288d0000

Metaspace:

Usage:
  Non-class:    148.86 MB used.
      Class:     21.99 MB used.
       Both:    170.85 MB used.

Virtual space:
  Non-class space:      192.00 MB reserved,     150.31 MB ( 78%) committed,  3 nodes.
      Class space:        1.00 GB reserved,      23.44 MB (  2%) committed,  1 nodes.
             Both:        1.19 GB reserved,     173.75 MB ( 14%) committed. 

Chunk freelists:
   Non-Class:  1.19 MB
       Class:  576.00 KB
        Both:  1.75 MB

MaxMetaspaceSize: unlimited
CompressedClassSpaceSize: 1.00 GB
Initial GC threshold: 21.00 MB
Current GC threshold: 273.56 MB
CDS: on
MetaspaceReclaimPolicy: balanced
 - commit_granule_bytes: 65536.
 - commit_granule_words: 8192.
 - virtual_space_node_default_size: 8388608.
 - enlarge_chunks_in_place: 1.
 - new_chunks_are_fully_committed: 0.
 - uncommit_free_chunks: 1.
 - use_allocation_guard: 0.


Internal statistics:

num_allocs_failed_limit: 6.
num_arena_births: 5464.
num_arena_deaths: 8.
num_vsnodes_births: 4.
num_vsnodes_deaths: 0.
num_space_committed: 2778.
num_space_uncommitted: 0.
num_chunks_returned_to_freelist: 20.
num_chunks_taken_from_freelist: 12888.
num_chunk_merges: 8.
num_chunk_splits: 9016.
num_chunks_enlarged: 6304.
num_inconsistent_stats: 0.

CodeHeap 'non-profiled nmethods': size=120000Kb used=12972Kb max_used=12972Kb free=107028Kb
 bounds [0x0000018f39e90000, 0x0000018f3ab40000, 0x0000018f413c0000]
CodeHeap 'profiled nmethods': size=120000Kb used=44199Kb max_used=44199Kb free=75800Kb
 bounds [0x0000018f323c0000, 0x0000018f34ef0000, 0x0000018f398f0000]
CodeHeap 'non-nmethods': size=5760Kb used=3278Kb max_used=3351Kb free=2481Kb
 bounds [0x0000018f398f0000, 0x0000018f39c40000, 0x0000018f39e90000]
 total_blobs=21037 nmethods=19802 adapters=1142
 compilation: enabled
              stopped_count=0, restarted_count=0
 full_count=0

Compilation events (20 events):
Event: 173.093 Thread 0x0000018f46c4cab0 23098       3       groovy.lang.GroovySystem::getMetaClassRegistry (4 bytes)
Event: 173.093 Thread 0x0000018f46c4cab0 nmethod 23098 0x0000018f34ee7190 code [0x0000018f34ee7320, 0x0000018f34ee7418]
Event: 173.109 Thread 0x0000018f46c4cab0 23099       1       sun.nio.fs.WindowsPath::getPathForExceptionMessage (5 bytes)
Event: 173.109 Thread 0x0000018f46c4cab0 nmethod 23099 0x0000018f3ab3aa10 code [0x0000018f3ab3ab80, 0x0000018f3ab3ac48]
Event: 173.132 Thread 0x0000018f46c4cab0 23100   !   3       org.gradle.cache.internal.DefaultCrossBuildInMemoryCacheFactory$AbstractCrossBuildInMemoryCache::get (65 bytes)
Event: 173.133 Thread 0x0000018f46c4cab0 nmethod 23100 0x0000018f34ee7490 code [0x0000018f34ee7660, 0x0000018f34ee7bb8]
Event: 173.136 Thread 0x0000018f46c4cab0 23101       1       org.gradle.cache.IndexedCacheParameters::getCacheName (5 bytes)
Event: 173.137 Thread 0x0000018f46c4cab0 nmethod 23101 0x0000018f3ab3ad10 code [0x0000018f3ab3ae80, 0x0000018f3ab3af48]
Event: 173.141 Thread 0x0000018f46c4cab0 23102       3       org.gradle.cache.internal.DefaultFileLockManager::access$200 (4 bytes)
Event: 173.141 Thread 0x0000018f46c4cab0 nmethod 23102 0x0000018f34ee7e10 code [0x0000018f34ee7fa0, 0x0000018f34ee8098]
Event: 173.144 Thread 0x0000018f46c4cab0 23103       3       java.lang.Thread::threadState (11 bytes)
Event: 173.145 Thread 0x0000018f46c4cab0 nmethod 23103 0x0000018f34ee8110 code [0x0000018f34ee82a0, 0x0000018f34ee83d8]
Event: 173.145 Thread 0x0000018f46c4cab0 23104       3       jdk.internal.misc.VM::toThreadState (68 bytes)
Event: 173.145 Thread 0x0000018f46c4cab0 nmethod 23104 0x0000018f34ee8490 code [0x0000018f34ee8660, 0x0000018f34ee8a08]
Event: 173.152 Thread 0x0000018f46c4cab0 23105       2       com.google.common.collect.AbstractIterator::hasNext (65 bytes)
Event: 173.153 Thread 0x0000018f46c4cab0 nmethod 23105 0x0000018f34ee8a90 code [0x0000018f34ee8c40, 0x0000018f34ee8ee0]
Event: 173.155 Thread 0x0000018f46c4cab0 23106       3       org.gradle.cache.internal.DefaultCrossBuildInMemoryCacheFactory$AbstractCrossBuildInMemoryCache::getIfPresentWithoutLock (43 bytes)
Event: 173.155 Thread 0x0000018f46c4cab0 nmethod 23106 0x0000018f34ee9010 code [0x0000018f34ee91e0, 0x0000018f34ee9628]
Event: 173.180 Thread 0x0000018f46c4cab0 23107       3       java.util.ArrayDeque::remove (5 bytes)
Event: 173.180 Thread 0x0000018f46c4cab0 nmethod 23107 0x0000018f34ee9790 code [0x0000018f34ee9940, 0x0000018f34ee9be8]

GC Heap History (20 events):
Event: 111.593 GC heap after
{Heap after GC invocations=51 (full 0):
 garbage-first heap   total 278528K, used 155928K [0x0000000080000000, 0x0000000100000000)
  region size 1024K, 5 young (5120K), 5 survivors (5120K)
 Metaspace       used 132709K, committed 135168K, reserved 1179648K
  class space    used 16823K, committed 18048K, reserved 1048576K
}
Event: 114.333 GC heap before
{Heap before GC invocations=51 (full 0):
 garbage-first heap   total 278528K, used 251160K [0x0000000080000000, 0x0000000100000000)
  region size 1024K, 91 young (93184K), 5 survivors (5120K)
 Metaspace       used 138329K, committed 140928K, reserved 1179648K
  class space    used 17639K, committed 18944K, reserved 1048576K
}
Event: 114.351 GC heap after
{Heap after GC invocations=52 (full 0):
 garbage-first heap   total 278528K, used 162662K [0x0000000080000000, 0x0000000100000000)
  region size 1024K, 12 young (12288K), 12 survivors (12288K)
 Metaspace       used 138329K, committed 140928K, reserved 1179648K
  class space    used 17639K, committed 18944K, reserved 1048576K
}
Event: 115.400 GC heap before
{Heap before GC invocations=52 (full 0):
 garbage-first heap   total 278528K, used 194406K [0x0000000080000000, 0x0000000100000000)
  region size 1024K, 45 young (46080K), 12 survivors (12288K)
 Metaspace       used 141563K, committed 144256K, reserved 1179648K
  class space    used 18041K, committed 19392K, reserved 1048576K
}
Event: 115.415 GC heap after
{Heap after GC invocations=53 (full 0):
 garbage-first heap   total 278528K, used 165113K [0x0000000080000000, 0x0000000100000000)
  region size 1024K, 2 young (2048K), 2 survivors (2048K)
 Metaspace       used 141563K, committed 144256K, reserved 1179648K
  class space    used 18041K, committed 19392K, reserved 1048576K
}
Event: 118.118 GC heap before
{Heap before GC invocations=54 (full 0):
 garbage-first heap   total 288768K, used 254201K [0x0000000080000000, 0x0000000100000000)
  region size 1024K, 88 young (90112K), 2 survivors (2048K)
 Metaspace       used 147749K, committed 150464K, reserved 1179648K
  class space    used 18838K, committed 20160K, reserved 1048576K
}
Event: 118.132 GC heap after
{Heap after GC invocations=55 (full 0):
 garbage-first heap   total 288768K, used 169499K [0x0000000080000000, 0x0000000100000000)
  region size 1024K, 6 young (6144K), 6 survivors (6144K)
 Metaspace       used 147749K, committed 150464K, reserved 1179648K
  class space    used 18838K, committed 20160K, reserved 1048576K
}
Event: 120.362 GC heap before
{Heap before GC invocations=55 (full 0):
 garbage-first heap   total 288768K, used 262683K [0x0000000080000000, 0x0000000100000000)
  region size 1024K, 97 young (99328K), 6 survivors (6144K)
 Metaspace       used 148931K, committed 151616K, reserved 1245184K
  class space    used 18922K, committed 20288K, reserved 1048576K
}
Event: 120.374 GC heap after
{Heap after GC invocations=56 (full 0):
 garbage-first heap   total 288768K, used 163704K [0x0000000080000000, 0x0000000100000000)
  region size 1024K, 6 young (6144K), 6 survivors (6144K)
 Metaspace       used 148931K, committed 151616K, reserved 1245184K
  class space    used 18922K, committed 20288K, reserved 1048576K
}
Event: 120.916 GC heap before
{Heap before GC invocations=56 (full 0):
 garbage-first heap   total 288768K, used 199544K [0x0000000080000000, 0x0000000100000000)
  region size 1024K, 42 young (43008K), 6 survivors (6144K)
 Metaspace       used 149319K, committed 152000K, reserved 1245184K
  class space    used 18959K, committed 20288K, reserved 1048576K
}
Event: 120.932 GC heap after
{Heap after GC invocations=57 (full 0):
 garbage-first heap   total 288768K, used 168300K [0x0000000080000000, 0x0000000100000000)
  region size 1024K, 11 young (11264K), 11 survivors (11264K)
 Metaspace       used 149319K, committed 152000K, reserved 1245184K
  class space    used 18959K, committed 20288K, reserved 1048576K
}
Event: 122.537 GC heap before
{Heap before GC invocations=58 (full 0):
 garbage-first heap   total 324608K, used 260460K [0x0000000080000000, 0x0000000100000000)
  region size 1024K, 100 young (102400K), 11 survivors (11264K)
 Metaspace       used 149774K, committed 152448K, reserved 1245184K
  class space    used 18978K, committed 20288K, reserved 1048576K
}
Event: 122.565 GC heap after
{Heap after GC invocations=59 (full 0):
 garbage-first heap   total 324608K, used 176977K [0x0000000080000000, 0x0000000100000000)
  region size 1024K, 13 young (13312K), 13 survivors (13312K)
 Metaspace       used 149774K, committed 152448K, reserved 1245184K
  class space    used 18978K, committed 20288K, reserved 1048576K
}
Event: 126.574 GC heap before
{Heap before GC invocations=59 (full 0):
 garbage-first heap   total 324608K, used 292689K [0x0000000080000000, 0x0000000100000000)
  region size 1024K, 126 young (129024K), 13 survivors (13312K)
 Metaspace       used 157802K, committed 160576K, reserved 1245184K
  class space    used 20006K, committed 21376K, reserved 1048576K
}
Event: 126.606 GC heap after
{Heap after GC invocations=60 (full 0):
 garbage-first heap   total 324608K, used 181248K [0x0000000080000000, 0x0000000100000000)
  region size 1024K, 7 young (7168K), 7 survivors (7168K)
 Metaspace       used 157802K, committed 160576K, reserved 1245184K
  class space    used 20006K, committed 21376K, reserved 1048576K
}
Event: 131.780 GC heap before
{Heap before GC invocations=60 (full 0):
 garbage-first heap   total 324608K, used 277504K [0x0000000080000000, 0x0000000100000000)
  region size 1024K, 102 young (104448K), 7 survivors (7168K)
 Metaspace       used 164851K, committed 167744K, reserved 1245184K
  class space    used 21112K, committed 22528K, reserved 1048576K
}
Event: 131.804 GC heap after
{Heap after GC invocations=61 (full 0):
 garbage-first heap   total 324608K, used 177664K [0x0000000080000000, 0x0000000100000000)
  region size 1024K, 10 young (10240K), 10 survivors (10240K)
 Metaspace       used 164851K, committed 167744K, reserved 1245184K
  class space    used 21112K, committed 22528K, reserved 1048576K
}
Event: 146.546 GC heap before
{Heap before GC invocations=62 (full 0):
 garbage-first heap   total 324608K, used 296448K [0x0000000080000000, 0x0000000100000000)
  region size 1024K, 125 young (128000K), 10 survivors (10240K)
 Metaspace       used 170254K, committed 173184K, reserved 1245184K
  class space    used 21906K, committed 23360K, reserved 1048576K
}
Event: 146.589 GC heap after
{Heap after GC invocations=63 (full 0):
 garbage-first heap   total 324608K, used 186534K [0x0000000080000000, 0x0000000100000000)
  region size 1024K, 12 young (12288K), 12 survivors (12288K)
 Metaspace       used 170254K, committed 173184K, reserved 1245184K
  class space    used 21906K, committed 23360K, reserved 1048576K
}
Event: 173.266 GC heap before
{Heap before GC invocations=63 (full 0):
 garbage-first heap   total 324608K, used 294054K [0x0000000080000000, 0x0000000100000000)
  region size 1024K, 117 young (119808K), 12 survivors (12288K)
 Metaspace       used 174946K, committed 177920K, reserved 1245184K
  class space    used 22513K, committed 24000K, reserved 1048576K
}

Dll operation events (15 events):
Event: 0.018 Loaded shared library C:\Program Files\Java\jdk-20\bin\java.dll
Event: 0.033 Loaded shared library C:\Program Files\Java\jdk-20\bin\jsvml.dll
Event: 0.202 Loaded shared library C:\Program Files\Java\jdk-20\bin\zip.dll
Event: 0.210 Loaded shared library C:\Program Files\Java\jdk-20\bin\instrument.dll
Event: 0.227 Loaded shared library C:\Program Files\Java\jdk-20\bin\net.dll
Event: 0.231 Loaded shared library C:\Program Files\Java\jdk-20\bin\nio.dll
Event: 0.242 Loaded shared library C:\Program Files\Java\jdk-20\bin\zip.dll
Event: 0.992 Loaded shared library C:\Program Files\Java\jdk-20\bin\jimage.dll
Event: 1.761 Loaded shared library C:\Program Files\Java\jdk-20\bin\verify.dll
Event: 2.468 Loaded shared library C:\Users\msali\.gradle\native\1def1411415f61bf3af743bc5b6707747c0891f09f0c88961ee8f79bc544acac\windows-amd64\native-platform.dll
Event: 2.507 Loaded shared library C:\Users\msali\.gradle\native\0.2.7\x86_64-windows-gnu\gradle-fileevents.dll
Event: 14.119 Loaded shared library C:\Program Files\Java\jdk-20\bin\management.dll
Event: 14.127 Loaded shared library C:\Program Files\Java\jdk-20\bin\management_ext.dll
Event: 15.161 Loaded shared library C:\Program Files\Java\jdk-20\bin\extnet.dll
Event: 16.288 Loaded shared library C:\Program Files\Java\jdk-20\bin\sunmscapi.dll

Deoptimization events (20 events):
Event: 161.302 Thread 0x0000018f4b1a65a0 DEOPT PACKING pc=0x0000018f3a82ff18 sp=0x0000004b8fbfec50
Event: 161.302 Thread 0x0000018f4b1a65a0 DEOPT UNPACKING pc=0x0000018f39959d22 sp=0x0000004b8fbfec10 mode 2
Event: 161.955 Thread 0x0000018f4b1a7590 DEOPT PACKING pc=0x0000018f32cd9eb1 sp=0x0000004b8f4f5940
Event: 161.955 Thread 0x0000018f4b1a7590 DEOPT UNPACKING pc=0x0000018f3995a4c2 sp=0x0000004b8f4f4e40 mode 0
Event: 162.129 Thread 0x0000018f4b1a7590 Uncommon trap: trap_request=0xffffff45 fr.pc=0x0000018f3a71e658 relative=0x0000000000001a38
Event: 162.129 Thread 0x0000018f4b1a7590 Uncommon trap: reason=unstable_if action=reinterpret pc=0x0000018f3a71e658 method=org.objectweb.asm.SymbolTable.addConstant(Ljava/lang/Object;)Lorg/objectweb/asm/Symbol; @ 211 c2
Event: 162.129 Thread 0x0000018f4b1a7590 DEOPT PACKING pc=0x0000018f3a71e658 sp=0x0000004b8f4f74f0
Event: 162.129 Thread 0x0000018f4b1a7590 DEOPT UNPACKING pc=0x0000018f39959d22 sp=0x0000004b8f4f74b8 mode 2
Event: 172.950 Thread 0x0000018f4e47b070 Uncommon trap: trap_request=0xffffffc6 fr.pc=0x0000018f3a83e764 relative=0x0000000000001c64
Event: 172.950 Thread 0x0000018f4e47b070 Uncommon trap: reason=bimorphic_or_optimized_type_check action=maybe_recompile pc=0x0000018f3a83e764 method=java.util.concurrent.FutureTask.run()V @ 39 c2
Event: 172.950 Thread 0x0000018f4e47b070 DEOPT PACKING pc=0x0000018f3a83e764 sp=0x0000004b902ff190
Event: 172.950 Thread 0x0000018f4e47b070 DEOPT UNPACKING pc=0x0000018f39959d22 sp=0x0000004b902ff168 mode 2
Event: 172.962 Thread 0x0000018f4e47b070 Uncommon trap: trap_request=0xffffff45 fr.pc=0x0000018f3a68b584 relative=0x00000000000035c4
Event: 172.962 Thread 0x0000018f4e47b070 Uncommon trap: reason=unstable_if action=reinterpret pc=0x0000018f3a68b584 method=sun.nio.ch.Util$BufferCache.get(I)Ljava/nio/ByteBuffer; @ 47 c2
Event: 172.962 Thread 0x0000018f4e47b070 DEOPT PACKING pc=0x0000018f3a68b584 sp=0x0000004b902fe310
Event: 172.963 Thread 0x0000018f4e47b070 DEOPT UNPACKING pc=0x0000018f39959d22 sp=0x0000004b902fdfa0 mode 2
Event: 173.169 Thread 0x0000018f4b1a7590 Uncommon trap: trap_request=0xffffff45 fr.pc=0x0000018f3aaafe70 relative=0x0000000000000070
Event: 173.169 Thread 0x0000018f4b1a7590 Uncommon trap: reason=unstable_if action=reinterpret pc=0x0000018f3aaafe70 method=org.gradle.internal.lazy.UnsafeLazy.get()Ljava/lang/Object; @ 4 c2
Event: 173.169 Thread 0x0000018f4b1a7590 DEOPT PACKING pc=0x0000018f3aaafe70 sp=0x0000004b8f4f9150
Event: 173.169 Thread 0x0000018f4b1a7590 DEOPT UNPACKING pc=0x0000018f39959d22 sp=0x0000004b8f4f90f0 mode 2

Classes loaded (20 events):
Event: 161.261 Loading class java/net/Collections
Event: 161.261 Loading class java/net/Collections done
Event: 161.463 Loading class java/lang/Map
Event: 161.463 Loading class java/lang/Map done
Event: 161.507 Loading class java/io/Map
Event: 161.507 Loading class java/io/Map done
Event: 161.518 Loading class java/net/Map
Event: 161.518 Loading class java/net/Map done
Event: 161.529 Loading class java/lang/HashMap
Event: 161.529 Loading class java/lang/HashMap done
Event: 161.534 Loading class java/io/HashMap
Event: 161.534 Loading class java/io/HashMap done
Event: 161.540 Loading class java/net/HashMap
Event: 161.540 Loading class java/net/HashMap done
Event: 161.606 Loading class java/lang/LinkedList
Event: 161.606 Loading class java/lang/LinkedList done
Event: 161.611 Loading class java/io/LinkedList
Event: 161.611 Loading class java/io/LinkedList done
Event: 161.618 Loading class java/net/LinkedList
Event: 161.618 Loading class java/net/LinkedList done

Classes unloaded (15 events):
Event: 44.844 Thread 0x0000018f46c0d0b0 Unloading class 0x00000008015b8908 '_BuildScript_$_run_closure1$_closure2'
Event: 44.844 Thread 0x0000018f46c0d0b0 Unloading class 0x00000008015b8528 '_BuildScript_$_run_closure1'
Event: 44.844 Thread 0x0000018f46c0d0b0 Unloading class 0x00000008015b8000 '_BuildScript_'
Event: 51.138 Thread 0x0000018f46c0d0b0 Unloading class 0x00000008016a8908 '_BuildScript_$_run_closure1$_closure2'
Event: 51.138 Thread 0x0000018f46c0d0b0 Unloading class 0x00000008016a8528 '_BuildScript_$_run_closure1'
Event: 51.138 Thread 0x0000018f46c0d0b0 Unloading class 0x00000008016a8000 '_BuildScript_'
Event: 51.138 Thread 0x0000018f46c0d0b0 Unloading class 0x00000008016a6000 '_BuildScript_$_run_closure1$_closure2'
Event: 51.138 Thread 0x0000018f46c0d0b0 Unloading class 0x00000008016a5908 '_BuildScript_$_run_closure1'
Event: 51.138 Thread 0x0000018f46c0d0b0 Unloading class 0x00000008016a53e0 '_BuildScript_'
Event: 51.138 Thread 0x0000018f46c0d0b0 Unloading class 0x00000008016a5000 'ProtobufPatchPlugin$_apply_closure1$_closure2$_closure3$_closure4'
Event: 51.138 Thread 0x0000018f46c0d0b0 Unloading class 0x00000008016a4a80 'ProtobufPatchPlugin$_apply_closure1$_closure2$_closure3'
Event: 51.138 Thread 0x0000018f46c0d0b0 Unloading class 0x00000008016a46a0 'ProtobufPatchPlugin$_apply_closure1$_closure2'
Event: 51.138 Thread 0x0000018f46c0d0b0 Unloading class 0x00000008016a42c0 'ProtobufPatchPlugin$_apply_closure1'
Event: 51.138 Thread 0x0000018f46c0d0b0 Unloading class 0x00000008016a4000 'ProtobufPatchPlugin'
Event: 56.723 Thread 0x0000018f46c0d0b0 Unloading class 0x00000008016b4000 '_BuildScript_'

Classes redefined (0 events):
No events

Internal exceptions (20 events):
Event: 162.119 Thread 0x0000018f4b1a7590 Exception <a 'sun/nio/fs/WindowsException'{0x000000008d7443e8}> (0x000000008d7443e8) 
thrown [s\open\src\hotspot\share\prims\jni.cpp, line 519]
Event: 162.121 Thread 0x0000018f4b1a7590 Exception <a 'sun/nio/fs/WindowsException'{0x000000008d745d58}> (0x000000008d745d58) 
thrown [s\open\src\hotspot\share\prims\jni.cpp, line 519]
Event: 162.139 Thread 0x0000018f4b1a7590 Exception <a 'sun/nio/fs/WindowsException'{0x000000008d775478}> (0x000000008d775478) 
thrown [s\open\src\hotspot\share\prims\jni.cpp, line 519]
Event: 162.148 Thread 0x0000018f4b1a7590 Exception <a 'sun/nio/fs/WindowsException'{0x000000008d78fec8}> (0x000000008d78fec8) 
thrown [s\open\src\hotspot\share\prims\jni.cpp, line 519]
Event: 162.154 Thread 0x0000018f4b1a7590 Exception <a 'sun/nio/fs/WindowsException'{0x000000008d7a2310}> (0x000000008d7a2310) 
thrown [s\open\src\hotspot\share\prims\jni.cpp, line 519]
Event: 162.160 Thread 0x0000018f4b1a7590 Exception <a 'sun/nio/fs/WindowsException'{0x000000008d7b4678}> (0x000000008d7b4678) 
thrown [s\open\src\hotspot\share\prims\jni.cpp, line 519]
Event: 162.164 Thread 0x0000018f4b1a7590 Exception <a 'sun/nio/fs/WindowsException'{0x000000008d7bf0c8}> (0x000000008d7bf0c8) 
thrown [s\open\src\hotspot\share\prims\jni.cpp, line 519]
Event: 172.960 Thread 0x0000018f4e47b070 Exception <a 'sun/nio/fs/WindowsException'{0x000000008d5228b0}> (0x000000008d5228b0) 
thrown [s\open\src\hotspot\share\prims\jni.cpp, line 519]
Event: 172.961 Thread 0x0000018f4e47b070 Exception <a 'sun/nio/fs/WindowsException'{0x000000008d522ee0}> (0x000000008d522ee0) 
thrown [s\open\src\hotspot\share\prims\jni.cpp, line 519]
Event: 172.965 Thread 0x0000018f4e47b070 Exception <a 'sun/nio/fs/WindowsException'{0x000000008d545c58}> (0x000000008d545c58) 
thrown [s\open\src\hotspot\share\prims\jni.cpp, line 519]
Event: 172.969 Thread 0x0000018f4e47b070 Exception <a 'sun/nio/fs/WindowsException'{0x000000008d55b7a0}> (0x000000008d55b7a0) 
thrown [s\open\src\hotspot\share\prims\jni.cpp, line 519]
Event: 172.972 Thread 0x0000018f4e47b070 Exception <a 'sun/nio/fs/WindowsException'{0x000000008d56aec0}> (0x000000008d56aec0) 
thrown [s\open\src\hotspot\share\prims\jni.cpp, line 519]
Event: 172.982 Thread 0x0000018f4e47b070 Exception <a 'sun/nio/fs/WindowsException'{0x000000008d57a7c8}> (0x000000008d57a7c8) 
thrown [s\open\src\hotspot\share\prims\jni.cpp, line 519]
Event: 172.986 Thread 0x0000018f4e47b070 Exception <a 'sun/nio/fs/WindowsException'{0x000000008d586400}> (0x000000008d586400) 
thrown [s\open\src\hotspot\share\prims\jni.cpp, line 519]
Event: 173.044 Thread 0x0000018f4b1a7590 Exception <a 'java/lang/ClassNotFoundException'{0x000000008d5c1e90}: init_1syxf5lp58mni2d4wg9c2rk4rBeanInfo> (0x000000008d5c1e90) 
thrown [s\open\src\hotspot\share\classfile\systemDictionary.cpp, line 305]
Event: 173.049 Thread 0x0000018f4b1a7590 Exception <a 'java/lang/ClassNotFoundException'{0x000000008d5c7d80}: init_1syxf5lp58mni2d4wg9c2rk4rCustomizer> (0x000000008d5c7d80) 
thrown [s\open\src\hotspot\share\classfile\systemDictionary.cpp, line 305]
Event: 173.109 Thread 0x0000018f4b1a7590 Exception <a 'sun/nio/fs/WindowsException'{0x000000008d407fe8}> (0x000000008d407fe8) 
thrown [s\open\src\hotspot\share\prims\jni.cpp, line 519]
Event: 173.110 Thread 0x0000018f4b1a7590 Exception <a 'sun/nio/fs/WindowsException'{0x000000008d4094a0}> (0x000000008d4094a0) 
thrown [s\open\src\hotspot\share\prims\jni.cpp, line 519]
Event: 173.111 Thread 0x0000018f4b1a7590 Exception <a 'sun/nio/fs/WindowsException'{0x000000008d40a948}> (0x000000008d40a948) 
thrown [s\open\src\hotspot\share\prims\jni.cpp, line 519]
Event: 173.111 Thread 0x0000018f4b1a7590 Exception <a 'sun/nio/fs/WindowsException'{0x000000008d40b9e8}> (0x000000008d40b9e8) 
thrown [s\open\src\hotspot\share\prims\jni.cpp, line 519]

VM Operations (20 events):
Event: 150.160 Executing VM operation: Cleanup done
Event: 151.165 Executing VM operation: Cleanup
Event: 151.165 Executing VM operation: Cleanup done
Event: 155.194 Executing VM operation: Cleanup
Event: 155.214 Executing VM operation: Cleanup done
Event: 156.223 Executing VM operation: Cleanup
Event: 156.240 Executing VM operation: Cleanup done
Event: 156.624 Executing VM operation: HandshakeAllThreads
Event: 156.624 Executing VM operation: HandshakeAllThreads done
Event: 157.638 Executing VM operation: Cleanup
Event: 157.639 Executing VM operation: Cleanup done
Event: 161.674 Executing VM operation: Cleanup
Event: 161.699 Executing VM operation: Cleanup done
Event: 162.706 Executing VM operation: Cleanup
Event: 162.706 Executing VM operation: Cleanup done
Event: 166.729 Executing VM operation: Cleanup
Event: 166.729 Executing VM operation: Cleanup done
Event: 172.786 Executing VM operation: Cleanup
Event: 172.786 Executing VM operation: Cleanup done
Event: 173.266 Executing VM operation: G1CollectForAllocation

Events (20 events):
Event: 149.082 Thread 0x0000018f4b1a8580 Thread exited: 0x0000018f4b1a8580
Event: 149.085 Thread 0x0000018f4b1a7ae0 Thread exited: 0x0000018f4b1a7ae0
Event: 149.139 Thread 0x0000018f60e6b320 Thread added: 0x0000018f60e6b320
Event: 149.140 Thread 0x0000018f4b1a7040 Thread exited: 0x0000018f4b1a7040
Event: 149.332 Thread 0x0000018f5dd301a0 Thread exited: 0x0000018f5dd301a0
Event: 150.774 Thread 0x0000018f4b1a5060 Thread exited: 0x0000018f4b1a5060
Event: 154.688 Thread 0x0000018f60e6c860 Thread added: 0x0000018f60e6c860
Event: 154.716 Thread 0x0000018f60e6cdb0 Thread added: 0x0000018f60e6cdb0
Event: 154.753 Thread 0x0000018f60e6dda0 Thread added: 0x0000018f60e6dda0
Event: 154.770 Thread 0x0000018f60e6b870 Thread added: 0x0000018f60e6b870
Event: 154.772 Thread 0x0000018f60e6d300 Thread added: 0x0000018f60e6d300
Event: 155.176 Thread 0x0000018f60e6ed90 Thread added: 0x0000018f60e6ed90
Event: 155.229 Thread 0x0000018f60e6d850 Thread added: 0x0000018f60e6d850
Event: 156.024 Thread 0x0000018f5dd2f680 Thread added: 0x0000018f5dd2f680
Event: 156.818 Thread 0x0000018f5dd2f680 Thread exited: 0x0000018f5dd2f680
Event: 162.134 Thread 0x0000018f5dd32300 Thread added: 0x0000018f5dd32300
Event: 162.287 Thread 0x0000018f5dd32300 Thread exited: 0x0000018f5dd32300
Event: 173.068 Thread 0x0000018f60e6f830 Thread added: 0x0000018f60e6f830
Event: 173.137 Thread 0x0000018f60e6bdc0 Thread added: 0x0000018f60e6bdc0
Event: 173.144 Thread 0x0000018f60e71810 Thread added: 0x0000018f60e71810


Dynamic libraries:
0x00007ff6a9fa0000 - 0x00007ff6a9fb0000 	C:\Program Files\Java\jdk-20\bin\java.exe
0x00007ffd02100000 - 0x00007ffd02368000 	C:\WINDOWS\SYSTEM32\ntdll.dll
0x00007ffd01cd0000 - 0x00007ffd01d99000 	C:\WINDOWS\System32\KERNEL32.DLL
0x00007ffcff660000 - 0x00007ffcffa4d000 	C:\WINDOWS\System32\KERNELBASE.dll
0x00007ffcffc00000 - 0x00007ffcffd4b000 	C:\WINDOWS\System32\ucrtbase.dll
0x00007ffcd3da0000 - 0x00007ffcd3db9000 	C:\Program Files\Java\jdk-20\bin\jli.dll
0x00007ffd01ec0000 - 0x00007ffd01f74000 	C:\WINDOWS\System32\ADVAPI32.dll
0x00007ffd009c0000 - 0x00007ffd00a69000 	C:\WINDOWS\System32\msvcrt.dll
0x00007ffd00e10000 - 0x00007ffd00eb6000 	C:\WINDOWS\System32\sechost.dll
0x00007ffd01da0000 - 0x00007ffd01eb8000 	C:\WINDOWS\System32\RPCRT4.dll
0x00007ffd002f0000 - 0x00007ffd004bc000 	C:\WINDOWS\System32\USER32.dll
0x00007ffcffa50000 - 0x00007ffcffa77000 	C:\WINDOWS\System32\win32u.dll
0x00007ffd01f80000 - 0x00007ffd01fab000 	C:\WINDOWS\System32\GDI32.dll
0x00007ffcff310000 - 0x00007ffcff447000 	C:\WINDOWS\System32\gdi32full.dll
0x00007ffcffdf0000 - 0x00007ffcffe93000 	C:\WINDOWS\System32\msvcp_win.dll
0x00007ffcd3d80000 - 0x00007ffcd3d9b000 	C:\Program Files\Java\jdk-20\bin\VCRUNTIME140.dll
0x00007ffce2d50000 - 0x00007ffce2fea000 	C:\WINDOWS\WinSxS\amd64_microsoft.windows.common-controls_6595b64144ccf1df_6.0.26100.4484_none_3e0e6d4ce32ef3b3\COMCTL32.dll
0x00007ffcf2920000 - 0x00007ffcf292b000 	C:\WINDOWS\SYSTEM32\VERSION.dll
0x00007ffd00ec0000 - 0x00007ffd00eef000 	C:\WINDOWS\System32\IMM32.DLL
0x00007ffcf2680000 - 0x00007ffcf268c000 	C:\Program Files\Java\jdk-20\bin\vcruntime140_1.dll
0x00007ffcaa1b0000 - 0x00007ffcaa23e000 	C:\Program Files\Java\jdk-20\bin\msvcp140.dll
0x00007ffc687c0000 - 0x00007ffc69457000 	C:\Program Files\Java\jdk-20\bin\server\jvm.dll
0x00007ffcf3680000 - 0x00007ffcf368a000 	C:\WINDOWS\SYSTEM32\WSOCK32.dll
0x00007ffd00a70000 - 0x00007ffd00ae4000 	C:\WINDOWS\System32\WS2_32.dll
0x00007ffcf3d60000 - 0x00007ffcf3d95000 	C:\WINDOWS\SYSTEM32\WINMM.dll
0x00007ffcfdff0000 - 0x00007ffcfe00b000 	C:\WINDOWS\SYSTEM32\kernel.appcore.dll
0x00007ffce27d0000 - 0x00007ffce27da000 	C:\Program Files\Java\jdk-20\bin\jimage.dll
0x00007ffcf5bb0000 - 0x00007ffcf5df1000 	C:\WINDOWS\SYSTEM32\DBGHELP.DLL
0x00007ffd011d0000 - 0x00007ffd01556000 	C:\WINDOWS\System32\combase.dll
0x00007ffd01060000 - 0x00007ffd01140000 	C:\WINDOWS\System32\OLEAUT32.dll
0x00007ffcd5f50000 - 0x00007ffcd5f93000 	C:\WINDOWS\SYSTEM32\dbgcore.DLL
0x00007ffcffd50000 - 0x00007ffcffde9000 	C:\WINDOWS\System32\bcryptPrimitives.dll
0x00007ffcd4a70000 - 0x00007ffcd4a7e000 	C:\Program Files\Java\jdk-20\bin\instrument.dll
0x00007ffcbaa80000 - 0x00007ffcbaaa6000 	C:\Program Files\Java\jdk-20\bin\java.dll
0x00007ffca9cd0000 - 0x00007ffca9da7000 	C:\Program Files\Java\jdk-20\bin\jsvml.dll
0x00007ffd01560000 - 0x00007ffd01caa000 	C:\WINDOWS\System32\SHELL32.dll
0x00007ffcffa80000 - 0x00007ffcffbf4000 	C:\WINDOWS\System32\wintypes.dll
0x00007ffcfced0000 - 0x00007ffcfd72b000 	C:\WINDOWS\SYSTEM32\windows.storage.dll
0x00007ffcffea0000 - 0x00007ffcfff95000 	C:\WINDOWS\System32\SHCORE.dll
0x00007ffd01150000 - 0x00007ffd011ba000 	C:\WINDOWS\System32\shlwapi.dll
0x00007ffcff160000 - 0x00007ffcff18f000 	C:\WINDOWS\SYSTEM32\profapi.dll
0x00007ffcd3ce0000 - 0x00007ffcd3cf8000 	C:\Program Files\Java\jdk-20\bin\zip.dll
0x00007ffcca790000 - 0x00007ffcca7a3000 	C:\Program Files\Java\jdk-20\bin\net.dll
0x00007ffcf4b40000 - 0x00007ffcf4c5e000 	C:\WINDOWS\SYSTEM32\WINHTTP.dll
0x00007ffcfe580000 - 0x00007ffcfe5ea000 	C:\WINDOWS\system32\mswsock.dll
0x00007ffcc8280000 - 0x00007ffcc8296000 	C:\Program Files\Java\jdk-20\bin\nio.dll
0x00007ffcd3ca0000 - 0x00007ffcd3cb0000 	C:\Program Files\Java\jdk-20\bin\verify.dll
0x00007ffcea330000 - 0x00007ffcea357000 	C:\Users\msali\.gradle\native\1def1411415f61bf3af743bc5b6707747c0891f09f0c88961ee8f79bc544acac\windows-amd64\native-platform.dll
0x00007ffcc5cf0000 - 0x00007ffcc5d68000 	C:\Users\msali\.gradle\native\0.2.7\x86_64-windows-gnu\gradle-fileevents.dll
0x00007ffccfa40000 - 0x00007ffccfa4a000 	C:\Program Files\Java\jdk-20\bin\management.dll
0x00007ffcc2120000 - 0x00007ffcc212b000 	C:\Program Files\Java\jdk-20\bin\management_ext.dll
0x00007ffd020b0000 - 0x00007ffd020b8000 	C:\WINDOWS\System32\PSAPI.DLL
0x00007ffcfda70000 - 0x00007ffcfdaa3000 	C:\WINDOWS\SYSTEM32\IPHLPAPI.DLL
0x00007ffd011c0000 - 0x00007ffd011ca000 	C:\WINDOWS\System32\NSI.dll
0x00007ffcf4b10000 - 0x00007ffcf4b2f000 	C:\WINDOWS\SYSTEM32\dhcpcsvc6.DLL
0x00007ffcf49b0000 - 0x00007ffcf49d5000 	C:\WINDOWS\SYSTEM32\dhcpcsvc.DLL
0x00007ffcfdb10000 - 0x00007ffcfdc36000 	C:\WINDOWS\SYSTEM32\DNSAPI.dll
0x00007ffcbb820000 - 0x00007ffcbb827000 	C:\Program Files\Java\jdk-20\bin\extnet.dll
0x00007ffcfe830000 - 0x00007ffcfe84b000 	C:\WINDOWS\SYSTEM32\CRYPTSP.dll
0x00007ffcfdf50000 - 0x00007ffcfdf8b000 	C:\WINDOWS\system32\rsaenh.dll
0x00007ffcfe620000 - 0x00007ffcfe64b000 	C:\WINDOWS\SYSTEM32\USERENV.dll
0x00007ffcff130000 - 0x00007ffcff156000 	C:\WINDOWS\SYSTEM32\bcrypt.dll
0x00007ffcfe850000 - 0x00007ffcfe85c000 	C:\WINDOWS\SYSTEM32\CRYPTBASE.dll
0x00007ffcbb3b0000 - 0x00007ffcbb3be000 	C:\Program Files\Java\jdk-20\bin\sunmscapi.dll
0x00007ffcff4e0000 - 0x00007ffcff657000 	C:\WINDOWS\System32\CRYPT32.dll
0x00007ffcfea50000 - 0x00007ffcfea80000 	C:\WINDOWS\SYSTEM32\ncrypt.dll
0x00007ffcfea00000 - 0x00007ffcfea3f000 	C:\WINDOWS\SYSTEM32\NTASN1.dll
0x00007ffc82d00000 - 0x00007ffc82d08000 	C:\WINDOWS\system32\wshunix.dll
0x00007ffcfe120000 - 0x00007ffcfe156000 	C:\WINDOWS\SYSTEM32\ntmarta.dll
0x00007ffc7e660000 - 0x00007ffc7e678000 	C:\WINDOWS\system32\napinsp.dll
0x00007ffc7e680000 - 0x00007ffc7e692000 	C:\WINDOWS\System32\winrnr.dll
0x00007ffcc23c0000 - 0x00007ffcc23f0000 	C:\WINDOWS\system32\nlansp_c.dll
0x00007ffcf3d30000 - 0x00007ffcf3d50000 	C:\WINDOWS\system32\wshbth.dll
0x00007ffcf1720000 - 0x00007ffcf172b000 	C:\Windows\System32\rasadhlp.dll
0x00007ffcf3eb0000 - 0x00007ffcf3f36000 	C:\WINDOWS\System32\fwpuclnt.dll

dbghelp: loaded successfully - version: 4.0.5 - missing functions: none
symbol engine: initialized successfully - sym options: 0x614 - pdb path: .;C:\Program Files\Java\jdk-20\bin;C:\WINDOWS\SYSTEM32;C:\WINDOWS\WinSxS\amd64_microsoft.windows.common-controls_6595b64144ccf1df_6.0.26100.4484_none_3e0e6d4ce32ef3b3;C:\Program Files\Java\jdk-20\bin\server;C:\Users\msali\.gradle\native\1def1411415f61bf3af743bc5b6707747c0891f09f0c88961ee8f79bc544acac\windows-amd64;C:\Users\msali\.gradle\native\0.2.7\x86_64-windows-gnu

VM Arguments:
jvm_args: --add-opens=java.base/java.lang=ALL-UNNAMED --add-opens=java.base/java.lang.invoke=ALL-UNNAMED --add-opens=java.base/java.util=ALL-UNNAMED --add-opens=java.prefs/java.util.prefs=ALL-UNNAMED --add-exports=jdk.compiler/com.sun.tools.javac.api=ALL-UNNAMED --add-exports=jdk.compiler/com.sun.tools.javac.util=ALL-UNNAMED --add-opens=java.base/java.util=ALL-UNNAMED --add-opens=java.prefs/java.util.prefs=ALL-UNNAMED --add-opens=java.base/java.nio.charset=ALL-UNNAMED --add-opens=java.base/java.net=ALL-UNNAMED --add-opens=java.base/java.util.concurrent.atomic=ALL-UNNAMED --add-opens=java.xml/javax.xml.namespace=ALL-UNNAMED -Xmx2048m -Dfile.encoding=UTF-8 -Duser.country=IN -Duser.language=en -Duser.variant -javaagent:C:\Users\msali\.gradle\wrapper\dists\gradle-8.13-bin\5xuhj0ry160q40clulazy9h7d\gradle-8.13\lib\agents\gradle-instrumentation-agent-8.13.jar 
java_command: org.gradle.launcher.daemon.bootstrap.GradleDaemon 8.13
java_class_path (initial): C:\Users\msali\.gradle\wrapper\dists\gradle-8.13-bin\5xuhj0ry160q40clulazy9h7d\gradle-8.13\lib\gradle-daemon-main-8.13.jar
Launcher Type: SUN_STANDARD

[Global flags]
     intx CICompilerCount                          = 3                                         {product} {ergonomic}
     uint ConcGCThreads                            = 1                                         {product} {ergonomic}
     uint G1ConcRefinementThreads                  = 4                                         {product} {ergonomic}
   size_t G1HeapRegionSize                         = 1048576                                   {product} {ergonomic}
    uintx GCDrainStackTargetSize                   = 64                                        {product} {ergonomic}
   size_t InitialHeapSize                          = 132120576                                 {product} {ergonomic}
   size_t MarkStackSize                            = 4194304                                   {product} {ergonomic}
   size_t MaxHeapSize                              = 2147483648                                {product} {command line}
   size_t MaxNewSize                               = 1287651328                                {product} {ergonomic}
   size_t MinHeapDeltaBytes                        = 1048576                                   {product} {ergonomic}
   size_t MinHeapSize                              = 8388608                                   {product} {ergonomic}
    uintx NonNMethodCodeHeapSize                   = 5832780                                {pd product} {ergonomic}
    uintx NonProfiledCodeHeapSize                  = 122912730                              {pd product} {ergonomic}
    uintx ProfiledCodeHeapSize                     = 122912730                              {pd product} {ergonomic}
    uintx ReservedCodeCacheSize                    = 251658240                              {pd product} {ergonomic}
     bool SegmentedCodeCache                       = true                                      {product} {ergonomic}
   size_t SoftMaxHeapSize                          = 2147483648                             {manageable} {ergonomic}
     bool UseCompressedClassPointers               = true                           {product lp64_product} {ergonomic}
     bool UseCompressedOops                        = true                           {product lp64_product} {ergonomic}
     bool UseG1GC                                  = true                                      {product} {ergonomic}
     bool UseLargePagesIndividualAllocation        = false                                  {pd product} {ergonomic}

Logging:
Log output configuration:
 #0: stdout all=warning uptime,level,tags foldmultilines=false
 #1: stderr all=off uptime,level,tags foldmultilines=false

Environment Variables:
PATH=C:\Program Files (x86)\Common Files\Intel\Shared Libraries\redist\intel64\compiler;C:\Program Files\Common Files\Oracle\Java\javapath;C:\Windows\System32\HWAudioDriverLibs;C:\Windows\system32;C:\Windows;C:\Windows\System32\Wbem;C:\Windows\System32\WindowsPowerShell\v1.0\;C:\Windows\System32\OpenSSH\;C:\Windows\system32\config\systemprofile\AppData\Local\Microsoft\WindowsApps;C:\WINDOWS\system32;C:\WINDOWS;C:\WINDOWS\System32\Wbem;C:\WINDOWS\System32\WindowsPowerShell\v1.0\;C:\WINDOWS\System32\OpenSSH\;C:\MinGW\bin;C:\Program Files\Git\cmd;C:\Users\msali\AppData\Local\Programs\Python\Python313\Scripts\;C:\Users\msali\AppData\Local\Programs\Python\Python313\;C:\Users\msali\Downloads\flutter_windows_3.24.3-stable.zip\flutter\bin;C:\Users\msali\AppData\Local\Programs\Python\Python311\Scripts\;C:\Users\msali\AppData\Local\Programs\Python\Python311\;C:\Users\msali\AppData\Local\Microsoft\WindowsApps;C:\Users\msali\AppData\Local\Programs\Microsoft VS Code\bin;C:\Program Files\JetBrains\IntelliJ IDEA Community Edition 2024.1.4\bin;;C:\Users\msali\AppData\Local\JetBrains\PyCharm Community Edition 2023.2\bin;;
USERNAME=msali
OS=Windows_NT
PROCESSOR_IDENTIFIER=Intel64 Family 6 Model 142 Stepping 12, GenuineIntel
TMP=C:\Users\msali\AppData\Local\Temp
TEMP=C:\Users\msali\AppData\Local\Temp




---------------  S Y S T E M  ---------------

OS:
 Windows 11 , 64 bit Build 26100 (10.0.26100.4484)
OS uptime: 16 days 5:20 hours

CPU: total 4 (initial active 4) (2 cores per cpu, 2 threads per core) family 6 model 142 stepping 12 microcode 0xde, cx8, cmov, fxsr, ht, mmx, 3dnowpref, sse, sse2, sse3, ssse3, sse4.1, sse4.2, popcnt, lzcnt, tsc, tscinvbit, avx, avx2, aes, erms, clmul, bmi1, bmi2, adx, fma, vzeroupper, clflush, clflushopt, rdtscp, f16c

Memory: 4k page, system-wide physical 8025M (496M free)
TotalPageFile size 23385M (AvailPageFile size 0M)
current process WorkingSet (physical memory assigned to process): 390M, peak: 678M
current process commit charge ("private bytes"): 760M, peak: 782M

vm_info: Java HotSpot(TM) 64-Bit Server VM (20.0.1+9-29) for windows-amd64 JRE (20.0.1+9-29), built on 2023-03-07T13:56:11Z by "mach5one" with MS VC++ 17.1 (VS2022)

END.
